-- The C compiler identification is GNU 9.4.0
-- The CXX compiler identification is GNU 9.4.0
-- Detecting C compiler ABI info
-- Detecting C compiler ABI info - done
-- Check for working C compiler: /usr/bin/cc - skipped
-- Detecting C compile features
-- Detecting C compile features - done
-- Detecting CXX compiler ABI info
-- Detecting CXX compiler ABI info - done
-- Check for working CXX compiler: /usr/bin/c++ - skipped
-- Detecting CXX compile features
-- Detecting CXX compile features - done
-- Found ament_cmake: 1.3.5 (/opt/ros/humble/share/ament_cmake/cmake)
-- Found Python3: /usr/bin/python3.8 (found version "3.8.10") found components: Interpreter 
-- Override CMake install command with custom implementation using symlinks instead of copying resources
-- Found rclcpp: 16.0.6 (/opt/ros/humble/share/rclcpp/cmake)
-- Found rosidl_generator_c: 3.1.5 (/opt/ros/humble/share/rosidl_generator_c/cmake)
-- Found rosidl_adapter: 3.1.5 (/opt/ros/humble/share/rosidl_adapter/cmake)
-- Found rosidl_generator_cpp: 3.1.5 (/opt/ros/humble/share/rosidl_generator_cpp/cmake)
-- Using all available rosidl_typesupport_c: rosidl_typesupport_fastrtps_c;rosidl_typesupport_introspection_c
-- Using all available rosidl_typesupport_cpp: rosidl_typesupport_fastrtps_cpp;rosidl_typesupport_introspection_cpp
-- Found rmw_implementation_cmake: 6.1.1 (/opt/ros/humble/share/rmw_implementation_cmake/cmake)
-- Found rmw_fastrtps_cpp: 6.2.4 (/opt/ros/humble/share/rmw_fastrtps_cpp/cmake)
-- Found OpenSSL: /usr/lib/x86_64-linux-gnu/libcrypto.so (found version "1.1.1f")  
-- Found FastRTPS: /opt/ros/humble/include  
-- Using RMW implementation 'rmw_fastrtps_cpp' as default
-- Looking for pthread.h
-- Looking for pthread.h - found
-- Performing Test CMAKE_HAVE_LIBC_PTHREAD
-- Performing Test CMAKE_HAVE_LIBC_PTHREAD - Failed
-- Looking for pthread_create in pthreads
-- Looking for pthread_create in pthreads - not found
-- Looking for pthread_create in pthread
-- Looking for pthread_create in pthread - found
-- Found Threads: TRUE  
-- Found geometry_msgs: 4.2.3 (/opt/ros/humble/share/geometry_msgs/cmake)
-- Found visualization_msgs: 4.2.3 (/opt/ros/humble/share/visualization_msgs/cmake)
-- Found diagnostic_updater: 3.1.2 (/opt/ros/humble/share/diagnostic_updater/cmake)
-- Found launch_testing_ament_cmake: 1.0.4 (/opt/ros/humble/share/launch_testing_ament_cmake/cmake)
-- Found python_cmake_module: 0.10.0 (/opt/ros/humble/share/python_cmake_module/cmake)
-- Found PythonInterp: /usr/bin/python3 (found suitable version "3.8.10", minimum required is "3.6") 
-- Found PythonLibs: /usr/lib/x86_64-linux-gnu/libpython3.8.so (found suitable version "3.8.10", minimum required is "3.5") 
-- Using PYTHON_EXECUTABLE: /usr/bin/python3
-- Using PYTHON_INCLUDE_DIRS: /usr/include/python3.8
-- Using PYTHON_LIBRARIES: /usr/lib/x86_64-linux-gnu/libpython3.8.so
-- Found PythonExtra: .so  
-- Configuring done
-- Generating done
-- Build files have been written to: /workspaces/isaac_ros-dev/ros2/build/twist_mux
[ 66%] [32mBuilding CXX object CMakeFiles/twist_mux.dir/src/twist_mux_diagnostics.cpp.o[0m
[ 66%] [32mBuilding CXX object CMakeFiles/twist_marker.dir/src/twist_marker.cpp.o[0m
[ 66%] [32mBuilding CXX object CMakeFiles/twist_mux.dir/src/twist_mux.cpp.o[0m
[ 66%] [32mBuilding CXX object CMakeFiles/twist_mux.dir/src/twist_mux_node.cpp.o[0m
[ 83%] [32m[1mLinking CXX executable twist_marker[0m
[ 83%] Built target twist_marker
[100%] [32m[1mLinking CXX executable twist_mux[0m
[100%] Built target twist_mux
-- Install configuration: ""
-- Execute custom install script
-- Symlinking: /workspaces/isaac_ros-dev/ros2/install/twist_mux/lib/twist_mux/twist_mux
-- Symlinking: /workspaces/isaac_ros-dev/ros2/install/twist_mux/lib/twist_mux/twist_marker
-- Symlinking: /workspaces/isaac_ros-dev/ros2/install/twist_mux/lib/twist_mux/joystick_relay.py
-- Symlinking: /workspaces/isaac_ros-dev/ros2/install/twist_mux/share/twist_mux/launch/twist_mux.launch
-- Symlinking: /workspaces/isaac_ros-dev/ros2/install/twist_mux/share/twist_mux/launch/twist_mux_launch.py
-- Symlinking: /workspaces/isaac_ros-dev/ros2/install/twist_mux/share/twist_mux/config/joystick.yaml
-- Symlinking: /workspaces/isaac_ros-dev/ros2/install/twist_mux/share/twist_mux/config/twist_mux_locks.yaml
-- Symlinking: /workspaces/isaac_ros-dev/ros2/install/twist_mux/share/twist_mux/config/twist_mux_topics.yaml
-- Symlinking: /workspaces/isaac_ros-dev/ros2/install/twist_mux/include/twist_mux/params_helpers.hpp
-- Symlinking: /workspaces/isaac_ros-dev/ros2/install/twist_mux/include/twist_mux/topic_handle.hpp
-- Symlinking: /workspaces/isaac_ros-dev/ros2/install/twist_mux/include/twist_mux/twist_mux.hpp
-- Symlinking: /workspaces/isaac_ros-dev/ros2/install/twist_mux/include/twist_mux/twist_mux_diagnostics.hpp
-- Symlinking: /workspaces/isaac_ros-dev/ros2/install/twist_mux/include/twist_mux/twist_mux_diagnostics_status.hpp
-- Symlinking: /workspaces/isaac_ros-dev/ros2/install/twist_mux/include/twist_mux/utils.hpp
-- Symlinking: /workspaces/isaac_ros-dev/ros2/install/twist_mux/share/ament_index/resource_index/package_run_dependencies/twist_mux
-- Symlinking: /workspaces/isaac_ros-dev/ros2/install/twist_mux/share/ament_index/resource_index/parent_prefix_path/twist_mux
-- Symlinking: /workspaces/isaac_ros-dev/ros2/install/twist_mux/share/twist_mux/environment/ament_prefix_path.sh
-- Symlinking: /workspaces/isaac_ros-dev/ros2/install/twist_mux/share/twist_mux/environment/ament_prefix_path.dsv
-- Symlinking: /workspaces/isaac_ros-dev/ros2/install/twist_mux/share/twist_mux/environment/path.sh
-- Symlinking: /workspaces/isaac_ros-dev/ros2/install/twist_mux/share/twist_mux/environment/path.dsv
-- Symlinking: /workspaces/isaac_ros-dev/ros2/install/twist_mux/share/twist_mux/local_setup.bash
-- Symlinking: /workspaces/isaac_ros-dev/ros2/install/twist_mux/share/twist_mux/local_setup.sh
-- Symlinking: /workspaces/isaac_ros-dev/ros2/install/twist_mux/share/twist_mux/local_setup.zsh
-- Symlinking: /workspaces/isaac_ros-dev/ros2/install/twist_mux/share/twist_mux/local_setup.dsv
-- Symlinking: /workspaces/isaac_ros-dev/ros2/install/twist_mux/share/twist_mux/package.dsv
-- Symlinking: /workspaces/isaac_ros-dev/ros2/install/twist_mux/share/ament_index/resource_index/packages/twist_mux
-- Symlinking: /workspaces/isaac_ros-dev/ros2/install/twist_mux/share/twist_mux/cmake/ament_cmake_export_include_directories-extras.cmake
-- Symlinking: /workspaces/isaac_ros-dev/ros2/install/twist_mux/share/twist_mux/cmake/ament_cmake_export_dependencies-extras.cmake
-- Symlinking: /workspaces/isaac_ros-dev/ros2/install/twist_mux/share/twist_mux/cmake/twist_muxConfig.cmake
-- Symlinking: /workspaces/isaac_ros-dev/ros2/install/twist_mux/share/twist_mux/cmake/twist_muxConfig-version.cmake
-- Symlinking: /workspaces/isaac_ros-dev/ros2/install/twist_mux/share/twist_mux/package.xml
