[0.216s] Invoking command in '/workspaces/isaac_ros-dev/ros2/build/twist_mux': CMAKE_PREFIX_PATH=${CMAKE_PREFIX_PATH}:/workspace/cartographer_ws/install/isaac_ros_test:/opt/ros/humble /usr/bin/cmake /workspaces/isaac_ros-dev/ros2/src/twist_mux -DAMENT_CMAKE_SYMLINK_INSTALL=1 -DCMAKE_INSTALL_PREFIX=/workspaces/isaac_ros-dev/ros2/install/twist_mux
[0.251s] -- The C compiler identification is GNU 9.4.0
[0.284s] -- The CXX compiler identification is GNU 9.4.0
[0.288s] -- Detecting C compiler ABI info
[0.321s] -- Detecting C compiler ABI info - done
[0.325s] -- Check for working C compiler: /usr/bin/cc - skipped
[0.325s] -- Detecting C compile features
[0.325s] -- Detecting C compile features - done
[0.326s] -- Detecting CXX compiler ABI info
[0.368s] -- Detecting CXX compiler ABI info - done
[0.372s] -- Check for working CXX compiler: /usr/bin/c++ - skipped
[0.372s] -- Detecting CXX compile features
[0.372s] -- Detecting CXX compile features - done
[0.374s] -- Found ament_cmake: 1.3.5 (/opt/ros/humble/share/ament_cmake/cmake)
[0.743s] -- Found Python3: /usr/bin/python3.8 (found version "3.8.10") found components: Interpreter 
[0.773s] -- Override CMake install command with custom implementation using symlinks instead of copying resources
[0.802s] -- Found rclcpp: 16.0.6 (/opt/ros/humble/share/rclcpp/cmake)
[0.833s] -- Found rosidl_generator_c: 3.1.5 (/opt/ros/humble/share/rosidl_generator_c/cmake)
[0.836s] -- Found rosidl_adapter: 3.1.5 (/opt/ros/humble/share/rosidl_adapter/cmake)
[0.842s] -- Found rosidl_generator_cpp: 3.1.5 (/opt/ros/humble/share/rosidl_generator_cpp/cmake)
[0.851s] -- Using all available rosidl_typesupport_c: rosidl_typesupport_fastrtps_c;rosidl_typesupport_introspection_c
[0.863s] -- Using all available rosidl_typesupport_cpp: rosidl_typesupport_fastrtps_cpp;rosidl_typesupport_introspection_cpp
[0.906s] -- Found rmw_implementation_cmake: 6.1.1 (/opt/ros/humble/share/rmw_implementation_cmake/cmake)
[0.908s] -- Found rmw_fastrtps_cpp: 6.2.4 (/opt/ros/humble/share/rmw_fastrtps_cpp/cmake)
[1.013s] -- Found OpenSSL: /usr/lib/x86_64-linux-gnu/libcrypto.so (found version "1.1.1f")  
[1.039s] -- Found FastRTPS: /opt/ros/humble/include  
[1.076s] -- Using RMW implementation 'rmw_fastrtps_cpp' as default
[1.084s] -- Looking for pthread.h
[1.125s] -- Looking for pthread.h - found
[1.126s] -- Performing Test CMAKE_HAVE_LIBC_PTHREAD
[1.167s] -- Performing Test CMAKE_HAVE_LIBC_PTHREAD - Failed
[1.167s] -- Looking for pthread_create in pthreads
[1.201s] -- Looking for pthread_create in pthreads - not found
[1.201s] -- Looking for pthread_create in pthread
[1.239s] -- Looking for pthread_create in pthread - found
[1.239s] -- Found Threads: TRUE  
[1.318s] -- Found geometry_msgs: 4.2.3 (/opt/ros/humble/share/geometry_msgs/cmake)
[1.340s] -- Found visualization_msgs: 4.2.3 (/opt/ros/humble/share/visualization_msgs/cmake)
[1.449s] -- Found diagnostic_updater: 3.1.2 (/opt/ros/humble/share/diagnostic_updater/cmake)
[1.490s] -- Found launch_testing_ament_cmake: 1.0.4 (/opt/ros/humble/share/launch_testing_ament_cmake/cmake)
[1.491s] -- Found python_cmake_module: 0.10.0 (/opt/ros/humble/share/python_cmake_module/cmake)
[1.507s] -- Found PythonInterp: /usr/bin/python3 (found suitable version "3.8.10", minimum required is "3.6") 
[1.509s] -- Found PythonLibs: /usr/lib/x86_64-linux-gnu/libpython3.8.so (found suitable version "3.8.10", minimum required is "3.5") 
[1.509s] -- Using PYTHON_EXECUTABLE: /usr/bin/python3
[1.509s] -- Using PYTHON_INCLUDE_DIRS: /usr/include/python3.8
[1.510s] -- Using PYTHON_LIBRARIES: /usr/lib/x86_64-linux-gnu/libpython3.8.so
[1.529s] -- Found PythonExtra: .so  
[1.583s] -- Configuring done
[1.590s] -- Generating done
[1.591s] -- Build files have been written to: /workspaces/isaac_ros-dev/ros2/build/twist_mux
[1.596s] Invoked command in '/workspaces/isaac_ros-dev/ros2/build/twist_mux' returned '0': CMAKE_PREFIX_PATH=${CMAKE_PREFIX_PATH}:/workspace/cartographer_ws/install/isaac_ros_test:/opt/ros/humble /usr/bin/cmake /workspaces/isaac_ros-dev/ros2/src/twist_mux -DAMENT_CMAKE_SYMLINK_INSTALL=1 -DCMAKE_INSTALL_PREFIX=/workspaces/isaac_ros-dev/ros2/install/twist_mux
[1.598s] Invoking command in '/workspaces/isaac_ros-dev/ros2/build/twist_mux': CMAKE_PREFIX_PATH=${CMAKE_PREFIX_PATH}:/workspace/cartographer_ws/install/isaac_ros_test:/opt/ros/humble /usr/bin/cmake --build /workspaces/isaac_ros-dev/ros2/build/twist_mux -- -j32 -l32
[1.624s] [ 66%] [32mBuilding CXX object CMakeFiles/twist_mux.dir/src/twist_mux_diagnostics.cpp.o[0m
[1.624s] [ 66%] [32mBuilding CXX object CMakeFiles/twist_marker.dir/src/twist_marker.cpp.o[0m
[1.624s] [ 66%] [32mBuilding CXX object CMakeFiles/twist_mux.dir/src/twist_mux.cpp.o[0m
[1.624s] [ 66%] [32mBuilding CXX object CMakeFiles/twist_mux.dir/src/twist_mux_node.cpp.o[0m
[7.357s] [ 83%] [32m[1mLinking CXX executable twist_marker[0m
[7.650s] [ 83%] Built target twist_marker
[9.136s] [100%] [32m[1mLinking CXX executable twist_mux[0m
[9.505s] [100%] Built target twist_mux
[9.509s] Invoked command in '/workspaces/isaac_ros-dev/ros2/build/twist_mux' returned '0': CMAKE_PREFIX_PATH=${CMAKE_PREFIX_PATH}:/workspace/cartographer_ws/install/isaac_ros_test:/opt/ros/humble /usr/bin/cmake --build /workspaces/isaac_ros-dev/ros2/build/twist_mux -- -j32 -l32
[9.551s] Invoking command in '/workspaces/isaac_ros-dev/ros2/build/twist_mux': CMAKE_PREFIX_PATH=${CMAKE_PREFIX_PATH}:/workspace/cartographer_ws/install/isaac_ros_test:/opt/ros/humble /usr/bin/cmake --install /workspaces/isaac_ros-dev/ros2/build/twist_mux
[9.553s] -- Install configuration: ""
[9.554s] -- Execute custom install script
[9.554s] -- Symlinking: /workspaces/isaac_ros-dev/ros2/install/twist_mux/lib/twist_mux/twist_mux
[9.556s] -- Symlinking: /workspaces/isaac_ros-dev/ros2/install/twist_mux/lib/twist_mux/twist_marker
[9.558s] -- Symlinking: /workspaces/isaac_ros-dev/ros2/install/twist_mux/lib/twist_mux/joystick_relay.py
[9.560s] -- Symlinking: /workspaces/isaac_ros-dev/ros2/install/twist_mux/share/twist_mux/launch/twist_mux.launch
[9.563s] -- Symlinking: /workspaces/isaac_ros-dev/ros2/install/twist_mux/share/twist_mux/launch/twist_mux_launch.py
[9.565s] -- Symlinking: /workspaces/isaac_ros-dev/ros2/install/twist_mux/share/twist_mux/config/joystick.yaml
[9.567s] -- Symlinking: /workspaces/isaac_ros-dev/ros2/install/twist_mux/share/twist_mux/config/twist_mux_locks.yaml
[9.569s] -- Symlinking: /workspaces/isaac_ros-dev/ros2/install/twist_mux/share/twist_mux/config/twist_mux_topics.yaml
[9.572s] -- Symlinking: /workspaces/isaac_ros-dev/ros2/install/twist_mux/include/twist_mux/params_helpers.hpp
[9.574s] -- Symlinking: /workspaces/isaac_ros-dev/ros2/install/twist_mux/include/twist_mux/topic_handle.hpp
[9.577s] -- Symlinking: /workspaces/isaac_ros-dev/ros2/install/twist_mux/include/twist_mux/twist_mux.hpp
[9.579s] -- Symlinking: /workspaces/isaac_ros-dev/ros2/install/twist_mux/include/twist_mux/twist_mux_diagnostics.hpp
[9.582s] -- Symlinking: /workspaces/isaac_ros-dev/ros2/install/twist_mux/include/twist_mux/twist_mux_diagnostics_status.hpp
[9.584s] -- Symlinking: /workspaces/isaac_ros-dev/ros2/install/twist_mux/include/twist_mux/utils.hpp
[9.586s] -- Symlinking: /workspaces/isaac_ros-dev/ros2/install/twist_mux/share/ament_index/resource_index/package_run_dependencies/twist_mux
[9.588s] -- Symlinking: /workspaces/isaac_ros-dev/ros2/install/twist_mux/share/ament_index/resource_index/parent_prefix_path/twist_mux
[9.590s] -- Symlinking: /workspaces/isaac_ros-dev/ros2/install/twist_mux/share/twist_mux/environment/ament_prefix_path.sh
[9.592s] -- Symlinking: /workspaces/isaac_ros-dev/ros2/install/twist_mux/share/twist_mux/environment/ament_prefix_path.dsv
[9.594s] -- Symlinking: /workspaces/isaac_ros-dev/ros2/install/twist_mux/share/twist_mux/environment/path.sh
[9.597s] -- Symlinking: /workspaces/isaac_ros-dev/ros2/install/twist_mux/share/twist_mux/environment/path.dsv
[9.599s] -- Symlinking: /workspaces/isaac_ros-dev/ros2/install/twist_mux/share/twist_mux/local_setup.bash
[9.602s] -- Symlinking: /workspaces/isaac_ros-dev/ros2/install/twist_mux/share/twist_mux/local_setup.sh
[9.604s] -- Symlinking: /workspaces/isaac_ros-dev/ros2/install/twist_mux/share/twist_mux/local_setup.zsh
[9.607s] -- Symlinking: /workspaces/isaac_ros-dev/ros2/install/twist_mux/share/twist_mux/local_setup.dsv
[9.610s] -- Symlinking: /workspaces/isaac_ros-dev/ros2/install/twist_mux/share/twist_mux/package.dsv
[9.612s] -- Symlinking: /workspaces/isaac_ros-dev/ros2/install/twist_mux/share/ament_index/resource_index/packages/twist_mux
[9.613s] -- Symlinking: /workspaces/isaac_ros-dev/ros2/install/twist_mux/share/twist_mux/cmake/ament_cmake_export_include_directories-extras.cmake
[9.615s] -- Symlinking: /workspaces/isaac_ros-dev/ros2/install/twist_mux/share/twist_mux/cmake/ament_cmake_export_dependencies-extras.cmake
[9.617s] -- Symlinking: /workspaces/isaac_ros-dev/ros2/install/twist_mux/share/twist_mux/cmake/twist_muxConfig.cmake
[9.619s] -- Symlinking: /workspaces/isaac_ros-dev/ros2/install/twist_mux/share/twist_mux/cmake/twist_muxConfig-version.cmake
[9.622s] -- Symlinking: /workspaces/isaac_ros-dev/ros2/install/twist_mux/share/twist_mux/package.xml
[9.625s] Invoked command in '/workspaces/isaac_ros-dev/ros2/build/twist_mux' returned '0': CMAKE_PREFIX_PATH=${CMAKE_PREFIX_PATH}:/workspace/cartographer_ws/install/isaac_ros_test:/opt/ros/humble /usr/bin/cmake --install /workspaces/isaac_ros-dev/ros2/build/twist_mux
