[1.169s] DEBUG:colcon:Command line arguments: ['/usr/bin/colcon', 'build', '--packages-select', 'qcar2_cpp']
[1.169s] DEBUG:colcon:Parsed command line arguments: Namespace(allow_overriding=[], ament_cmake_args=None, base_paths=['.'], build_base='build', catkin_cmake_args=None, catkin_skip_building_tests=False, cmake_args=None, cmake_clean_cache=False, cmake_clean_first=False, cmake_force_configure=False, cmake_target=None, cmake_target_skip_unavailable=False, continue_on_error=False, event_handlers=None, executor='parallel', ignore_user_meta=False, install_base='install', log_base=None, log_level=None, main=<bound method BuildVerb.main of <colcon_core.verb.build.BuildVerb object at 0x7f8cc5a73ac0>>, merge_install=False, metas=['./colcon.meta'], packages_above=None, packages_above_and_dependencies=None, packages_above_depth=None, packages_end=None, packages_ignore=None, packages_ignore_regex=None, packages_select=['qcar2_cpp'], packages_select_build_failed=False, packages_select_by_dep=None, packages_select_regex=None, packages_select_test_failures=False, packages_skip=None, packages_skip_build_finished=False, packages_skip_by_dep=None, packages_skip_regex=None, packages_skip_test_passed=False, packages_skip_up_to=None, packages_start=None, packages_up_to=None, packages_up_to_regex=None, parallel_workers=32, paths=None, symlink_install=False, test_result_base=None, verb_extension=<colcon_core.verb.build.BuildVerb object at 0x7f8cc5a73ac0>, verb_name='build', verb_parser=<colcon_defaults.argument_parser.defaults.DefaultArgumentsDecorator object at 0x7f8cc542daf0>)
[1.226s] Level 1:colcon.colcon_core.package_discovery:discover_packages(colcon_meta) check parameters
[1.226s] Level 1:colcon.colcon_core.package_discovery:discover_packages(recursive) check parameters
[1.226s] Level 1:colcon.colcon_core.package_discovery:discover_packages(ignore) check parameters
[1.226s] Level 1:colcon.colcon_core.package_discovery:discover_packages(path) check parameters
[1.227s] Level 1:colcon.colcon_core.package_discovery:discover_packages(colcon_meta) discover
[1.227s] Level 1:colcon.colcon_core.package_discovery:discover_packages(recursive) discover
[1.227s] INFO:colcon.colcon_core.package_discovery:Crawling recursively for packages in '/workspaces/isaac_ros-dev/python_resources'
[1.227s] Level 1:colcon.colcon_core.package_identification:_identify(.) by extensions ['ignore', 'ignore_ament_install']
[1.227s] Level 1:colcon.colcon_core.package_identification:_identify(.) by extension 'ignore'
[1.227s] Level 1:colcon.colcon_core.package_identification:_identify(.) by extension 'ignore_ament_install'
[1.227s] Level 1:colcon.colcon_core.package_identification:_identify(.) by extensions ['colcon_pkg']
[1.227s] Level 1:colcon.colcon_core.package_identification:_identify(.) by extension 'colcon_pkg'
[1.227s] Level 1:colcon.colcon_core.package_identification:_identify(.) by extensions ['colcon_meta']
[1.227s] Level 1:colcon.colcon_core.package_identification:_identify(.) by extension 'colcon_meta'
[1.227s] Level 1:colcon.colcon_core.package_identification:_identify(.) by extensions ['ros']
[1.227s] Level 1:colcon.colcon_core.package_identification:_identify(.) by extension 'ros'
[1.233s] Level 1:colcon.colcon_core.package_identification:_identify(.) by extensions ['cmake', 'python']
[1.233s] Level 1:colcon.colcon_core.package_identification:_identify(.) by extension 'cmake'
[1.233s] Level 1:colcon.colcon_core.package_identification:_identify(.) by extension 'python'
[1.233s] Level 1:colcon.colcon_core.package_identification:_identify(.) by extensions ['python_setup_py']
[1.233s] Level 1:colcon.colcon_core.package_identification:_identify(.) by extension 'python_setup_py'
[1.234s] Level 1:colcon.colcon_core.package_identification:_identify(build) by extensions ['ignore', 'ignore_ament_install']
[1.234s] Level 1:colcon.colcon_core.package_identification:_identify(build) by extension 'ignore'
[1.234s] Level 1:colcon.colcon_core.package_identification:_identify(build) ignored
[1.234s] Level 1:colcon.colcon_core.package_identification:_identify(install) by extensions ['ignore', 'ignore_ament_install']
[1.234s] Level 1:colcon.colcon_core.package_identification:_identify(install) by extension 'ignore'
[1.234s] Level 1:colcon.colcon_core.package_identification:_identify(install) ignored
[1.234s] Level 1:colcon.colcon_core.package_identification:_identify(log) by extensions ['ignore', 'ignore_ament_install']
[1.234s] Level 1:colcon.colcon_core.package_identification:_identify(log) by extension 'ignore'
[1.234s] Level 1:colcon.colcon_core.package_identification:_identify(log) ignored
[1.234s] Level 1:colcon.colcon_core.package_identification:_identify(qcar) by extensions ['ignore', 'ignore_ament_install']
[1.234s] Level 1:colcon.colcon_core.package_identification:_identify(qcar) by extension 'ignore'
[1.234s] Level 1:colcon.colcon_core.package_identification:_identify(qcar) by extension 'ignore_ament_install'
[1.234s] Level 1:colcon.colcon_core.package_identification:_identify(qcar) by extensions ['colcon_pkg']
[1.234s] Level 1:colcon.colcon_core.package_identification:_identify(qcar) by extension 'colcon_pkg'
[1.234s] Level 1:colcon.colcon_core.package_identification:_identify(qcar) by extensions ['colcon_meta']
[1.234s] Level 1:colcon.colcon_core.package_identification:_identify(qcar) by extension 'colcon_meta'
[1.234s] Level 1:colcon.colcon_core.package_identification:_identify(qcar) by extensions ['ros']
[1.234s] Level 1:colcon.colcon_core.package_identification:_identify(qcar) by extension 'ros'
[1.234s] Level 1:colcon.colcon_core.package_identification:_identify(qcar) by extensions ['cmake', 'python']
[1.234s] Level 1:colcon.colcon_core.package_identification:_identify(qcar) by extension 'cmake'
[1.234s] Level 1:colcon.colcon_core.package_identification:_identify(qcar) by extension 'python'
[1.234s] Level 1:colcon.colcon_core.package_identification:_identify(qcar) by extensions ['python_setup_py']
[1.234s] Level 1:colcon.colcon_core.package_identification:_identify(qcar) by extension 'python_setup_py'
[1.234s] Level 1:colcon.colcon_core.package_identification:_identify(qcar/hardware) by extensions ['ignore', 'ignore_ament_install']
[1.234s] Level 1:colcon.colcon_core.package_identification:_identify(qcar/hardware) by extension 'ignore'
[1.234s] Level 1:colcon.colcon_core.package_identification:_identify(qcar/hardware) by extension 'ignore_ament_install'
[1.234s] Level 1:colcon.colcon_core.package_identification:_identify(qcar/hardware) by extensions ['colcon_pkg']
[1.234s] Level 1:colcon.colcon_core.package_identification:_identify(qcar/hardware) by extension 'colcon_pkg'
[1.234s] Level 1:colcon.colcon_core.package_identification:_identify(qcar/hardware) by extensions ['colcon_meta']
[1.234s] Level 1:colcon.colcon_core.package_identification:_identify(qcar/hardware) by extension 'colcon_meta'
[1.234s] Level 1:colcon.colcon_core.package_identification:_identify(qcar/hardware) by extensions ['ros']
[1.234s] Level 1:colcon.colcon_core.package_identification:_identify(qcar/hardware) by extension 'ros'
[1.234s] Level 1:colcon.colcon_core.package_identification:_identify(qcar/hardware) by extensions ['cmake', 'python']
[1.234s] Level 1:colcon.colcon_core.package_identification:_identify(qcar/hardware) by extension 'cmake'
[1.234s] Level 1:colcon.colcon_core.package_identification:_identify(qcar/hardware) by extension 'python'
[1.234s] Level 1:colcon.colcon_core.package_identification:_identify(qcar/hardware) by extensions ['python_setup_py']
[1.234s] Level 1:colcon.colcon_core.package_identification:_identify(qcar/hardware) by extension 'python_setup_py'
[1.234s] Level 1:colcon.colcon_core.package_identification:_identify(qcar/hardware/applications) by extensions ['ignore', 'ignore_ament_install']
[1.234s] Level 1:colcon.colcon_core.package_identification:_identify(qcar/hardware/applications) by extension 'ignore'
[1.234s] Level 1:colcon.colcon_core.package_identification:_identify(qcar/hardware/applications) by extension 'ignore_ament_install'
[1.234s] Level 1:colcon.colcon_core.package_identification:_identify(qcar/hardware/applications) by extensions ['colcon_pkg']
[1.234s] Level 1:colcon.colcon_core.package_identification:_identify(qcar/hardware/applications) by extension 'colcon_pkg'
[1.234s] Level 1:colcon.colcon_core.package_identification:_identify(qcar/hardware/applications) by extensions ['colcon_meta']
[1.234s] Level 1:colcon.colcon_core.package_identification:_identify(qcar/hardware/applications) by extension 'colcon_meta'
[1.234s] Level 1:colcon.colcon_core.package_identification:_identify(qcar/hardware/applications) by extensions ['ros']
[1.234s] Level 1:colcon.colcon_core.package_identification:_identify(qcar/hardware/applications) by extension 'ros'
[1.235s] Level 1:colcon.colcon_core.package_identification:_identify(qcar/hardware/applications) by extensions ['cmake', 'python']
[1.235s] Level 1:colcon.colcon_core.package_identification:_identify(qcar/hardware/applications) by extension 'cmake'
[1.235s] Level 1:colcon.colcon_core.package_identification:_identify(qcar/hardware/applications) by extension 'python'
[1.235s] Level 1:colcon.colcon_core.package_identification:_identify(qcar/hardware/applications) by extensions ['python_setup_py']
[1.235s] Level 1:colcon.colcon_core.package_identification:_identify(qcar/hardware/applications) by extension 'python_setup_py'
[1.235s] Level 1:colcon.colcon_core.package_identification:_identify(qcar/hardware/applications/360_vision) by extensions ['ignore', 'ignore_ament_install']
[1.235s] Level 1:colcon.colcon_core.package_identification:_identify(qcar/hardware/applications/360_vision) by extension 'ignore'
[1.235s] Level 1:colcon.colcon_core.package_identification:_identify(qcar/hardware/applications/360_vision) by extension 'ignore_ament_install'
[1.235s] Level 1:colcon.colcon_core.package_identification:_identify(qcar/hardware/applications/360_vision) by extensions ['colcon_pkg']
[1.235s] Level 1:colcon.colcon_core.package_identification:_identify(qcar/hardware/applications/360_vision) by extension 'colcon_pkg'
[1.235s] Level 1:colcon.colcon_core.package_identification:_identify(qcar/hardware/applications/360_vision) by extensions ['colcon_meta']
[1.235s] Level 1:colcon.colcon_core.package_identification:_identify(qcar/hardware/applications/360_vision) by extension 'colcon_meta'
[1.235s] Level 1:colcon.colcon_core.package_identification:_identify(qcar/hardware/applications/360_vision) by extensions ['ros']
[1.235s] Level 1:colcon.colcon_core.package_identification:_identify(qcar/hardware/applications/360_vision) by extension 'ros'
[1.235s] Level 1:colcon.colcon_core.package_identification:_identify(qcar/hardware/applications/360_vision) by extensions ['cmake', 'python']
[1.235s] Level 1:colcon.colcon_core.package_identification:_identify(qcar/hardware/applications/360_vision) by extension 'cmake'
[1.235s] Level 1:colcon.colcon_core.package_identification:_identify(qcar/hardware/applications/360_vision) by extension 'python'
[1.235s] Level 1:colcon.colcon_core.package_identification:_identify(qcar/hardware/applications/360_vision) by extensions ['python_setup_py']
[1.235s] Level 1:colcon.colcon_core.package_identification:_identify(qcar/hardware/applications/360_vision) by extension 'python_setup_py'
[1.235s] Level 1:colcon.colcon_core.package_identification:_identify(qcar/hardware/applications/lane_following) by extensions ['ignore', 'ignore_ament_install']
[1.235s] Level 1:colcon.colcon_core.package_identification:_identify(qcar/hardware/applications/lane_following) by extension 'ignore'
[1.235s] Level 1:colcon.colcon_core.package_identification:_identify(qcar/hardware/applications/lane_following) by extension 'ignore_ament_install'
[1.235s] Level 1:colcon.colcon_core.package_identification:_identify(qcar/hardware/applications/lane_following) by extensions ['colcon_pkg']
[1.235s] Level 1:colcon.colcon_core.package_identification:_identify(qcar/hardware/applications/lane_following) by extension 'colcon_pkg'
[1.235s] Level 1:colcon.colcon_core.package_identification:_identify(qcar/hardware/applications/lane_following) by extensions ['colcon_meta']
[1.235s] Level 1:colcon.colcon_core.package_identification:_identify(qcar/hardware/applications/lane_following) by extension 'colcon_meta'
[1.235s] Level 1:colcon.colcon_core.package_identification:_identify(qcar/hardware/applications/lane_following) by extensions ['ros']
[1.235s] Level 1:colcon.colcon_core.package_identification:_identify(qcar/hardware/applications/lane_following) by extension 'ros'
[1.235s] Level 1:colcon.colcon_core.package_identification:_identify(qcar/hardware/applications/lane_following) by extensions ['cmake', 'python']
[1.235s] Level 1:colcon.colcon_core.package_identification:_identify(qcar/hardware/applications/lane_following) by extension 'cmake'
[1.235s] Level 1:colcon.colcon_core.package_identification:_identify(qcar/hardware/applications/lane_following) by extension 'python'
[1.235s] Level 1:colcon.colcon_core.package_identification:_identify(qcar/hardware/applications/lane_following) by extensions ['python_setup_py']
[1.235s] Level 1:colcon.colcon_core.package_identification:_identify(qcar/hardware/applications/lane_following) by extension 'python_setup_py'
[1.235s] Level 1:colcon.colcon_core.package_identification:_identify(qcar/hardware/applications/manual_drive) by extensions ['ignore', 'ignore_ament_install']
[1.235s] Level 1:colcon.colcon_core.package_identification:_identify(qcar/hardware/applications/manual_drive) by extension 'ignore'
[1.235s] Level 1:colcon.colcon_core.package_identification:_identify(qcar/hardware/applications/manual_drive) by extension 'ignore_ament_install'
[1.235s] Level 1:colcon.colcon_core.package_identification:_identify(qcar/hardware/applications/manual_drive) by extensions ['colcon_pkg']
[1.235s] Level 1:colcon.colcon_core.package_identification:_identify(qcar/hardware/applications/manual_drive) by extension 'colcon_pkg'
[1.235s] Level 1:colcon.colcon_core.package_identification:_identify(qcar/hardware/applications/manual_drive) by extensions ['colcon_meta']
[1.235s] Level 1:colcon.colcon_core.package_identification:_identify(qcar/hardware/applications/manual_drive) by extension 'colcon_meta'
[1.235s] Level 1:colcon.colcon_core.package_identification:_identify(qcar/hardware/applications/manual_drive) by extensions ['ros']
[1.235s] Level 1:colcon.colcon_core.package_identification:_identify(qcar/hardware/applications/manual_drive) by extension 'ros'
[1.235s] Level 1:colcon.colcon_core.package_identification:_identify(qcar/hardware/applications/manual_drive) by extensions ['cmake', 'python']
[1.235s] Level 1:colcon.colcon_core.package_identification:_identify(qcar/hardware/applications/manual_drive) by extension 'cmake'
[1.235s] Level 1:colcon.colcon_core.package_identification:_identify(qcar/hardware/applications/manual_drive) by extension 'python'
[1.235s] Level 1:colcon.colcon_core.package_identification:_identify(qcar/hardware/applications/manual_drive) by extensions ['python_setup_py']
[1.235s] Level 1:colcon.colcon_core.package_identification:_identify(qcar/hardware/applications/manual_drive) by extension 'python_setup_py'
[1.235s] Level 1:colcon.colcon_core.package_identification:_identify(qcar/hardware/applications/point_cloud_generation) by extensions ['ignore', 'ignore_ament_install']
[1.235s] Level 1:colcon.colcon_core.package_identification:_identify(qcar/hardware/applications/point_cloud_generation) by extension 'ignore'
[1.235s] Level 1:colcon.colcon_core.package_identification:_identify(qcar/hardware/applications/point_cloud_generation) by extension 'ignore_ament_install'
[1.236s] Level 1:colcon.colcon_core.package_identification:_identify(qcar/hardware/applications/point_cloud_generation) by extensions ['colcon_pkg']
[1.236s] Level 1:colcon.colcon_core.package_identification:_identify(qcar/hardware/applications/point_cloud_generation) by extension 'colcon_pkg'
[1.236s] Level 1:colcon.colcon_core.package_identification:_identify(qcar/hardware/applications/point_cloud_generation) by extensions ['colcon_meta']
[1.236s] Level 1:colcon.colcon_core.package_identification:_identify(qcar/hardware/applications/point_cloud_generation) by extension 'colcon_meta'
[1.236s] Level 1:colcon.colcon_core.package_identification:_identify(qcar/hardware/applications/point_cloud_generation) by extensions ['ros']
[1.236s] Level 1:colcon.colcon_core.package_identification:_identify(qcar/hardware/applications/point_cloud_generation) by extension 'ros'
[1.236s] Level 1:colcon.colcon_core.package_identification:_identify(qcar/hardware/applications/point_cloud_generation) by extensions ['cmake', 'python']
[1.236s] Level 1:colcon.colcon_core.package_identification:_identify(qcar/hardware/applications/point_cloud_generation) by extension 'cmake'
[1.236s] Level 1:colcon.colcon_core.package_identification:_identify(qcar/hardware/applications/point_cloud_generation) by extension 'python'
[1.236s] Level 1:colcon.colcon_core.package_identification:_identify(qcar/hardware/applications/point_cloud_generation) by extensions ['python_setup_py']
[1.236s] Level 1:colcon.colcon_core.package_identification:_identify(qcar/hardware/applications/point_cloud_generation) by extension 'python_setup_py'
[1.236s] Level 1:colcon.colcon_core.package_identification:_identify(qcar/hardware/applications/rgbd_imaging) by extensions ['ignore', 'ignore_ament_install']
[1.236s] Level 1:colcon.colcon_core.package_identification:_identify(qcar/hardware/applications/rgbd_imaging) by extension 'ignore'
[1.236s] Level 1:colcon.colcon_core.package_identification:_identify(qcar/hardware/applications/rgbd_imaging) by extension 'ignore_ament_install'
[1.236s] Level 1:colcon.colcon_core.package_identification:_identify(qcar/hardware/applications/rgbd_imaging) by extensions ['colcon_pkg']
[1.236s] Level 1:colcon.colcon_core.package_identification:_identify(qcar/hardware/applications/rgbd_imaging) by extension 'colcon_pkg'
[1.236s] Level 1:colcon.colcon_core.package_identification:_identify(qcar/hardware/applications/rgbd_imaging) by extensions ['colcon_meta']
[1.236s] Level 1:colcon.colcon_core.package_identification:_identify(qcar/hardware/applications/rgbd_imaging) by extension 'colcon_meta'
[1.236s] Level 1:colcon.colcon_core.package_identification:_identify(qcar/hardware/applications/rgbd_imaging) by extensions ['ros']
[1.236s] Level 1:colcon.colcon_core.package_identification:_identify(qcar/hardware/applications/rgbd_imaging) by extension 'ros'
[1.236s] Level 1:colcon.colcon_core.package_identification:_identify(qcar/hardware/applications/rgbd_imaging) by extensions ['cmake', 'python']
[1.236s] Level 1:colcon.colcon_core.package_identification:_identify(qcar/hardware/applications/rgbd_imaging) by extension 'cmake'
[1.236s] Level 1:colcon.colcon_core.package_identification:_identify(qcar/hardware/applications/rgbd_imaging) by extension 'python'
[1.236s] Level 1:colcon.colcon_core.package_identification:_identify(qcar/hardware/applications/rgbd_imaging) by extensions ['python_setup_py']
[1.236s] Level 1:colcon.colcon_core.package_identification:_identify(qcar/hardware/applications/rgbd_imaging) by extension 'python_setup_py'
[1.236s] Level 1:colcon.colcon_core.package_identification:_identify(qcar/hardware/hardware_tests) by extensions ['ignore', 'ignore_ament_install']
[1.236s] Level 1:colcon.colcon_core.package_identification:_identify(qcar/hardware/hardware_tests) by extension 'ignore'
[1.236s] Level 1:colcon.colcon_core.package_identification:_identify(qcar/hardware/hardware_tests) by extension 'ignore_ament_install'
[1.236s] Level 1:colcon.colcon_core.package_identification:_identify(qcar/hardware/hardware_tests) by extensions ['colcon_pkg']
[1.236s] Level 1:colcon.colcon_core.package_identification:_identify(qcar/hardware/hardware_tests) by extension 'colcon_pkg'
[1.236s] Level 1:colcon.colcon_core.package_identification:_identify(qcar/hardware/hardware_tests) by extensions ['colcon_meta']
[1.236s] Level 1:colcon.colcon_core.package_identification:_identify(qcar/hardware/hardware_tests) by extension 'colcon_meta'
[1.236s] Level 1:colcon.colcon_core.package_identification:_identify(qcar/hardware/hardware_tests) by extensions ['ros']
[1.236s] Level 1:colcon.colcon_core.package_identification:_identify(qcar/hardware/hardware_tests) by extension 'ros'
[1.236s] Level 1:colcon.colcon_core.package_identification:_identify(qcar/hardware/hardware_tests) by extensions ['cmake', 'python']
[1.236s] Level 1:colcon.colcon_core.package_identification:_identify(qcar/hardware/hardware_tests) by extension 'cmake'
[1.236s] Level 1:colcon.colcon_core.package_identification:_identify(qcar/hardware/hardware_tests) by extension 'python'
[1.236s] Level 1:colcon.colcon_core.package_identification:_identify(qcar/hardware/hardware_tests) by extensions ['python_setup_py']
[1.236s] Level 1:colcon.colcon_core.package_identification:_identify(qcar/hardware/hardware_tests) by extension 'python_setup_py'
[1.236s] Level 1:colcon.colcon_core.package_identification:_identify(qcar/virtual) by extensions ['ignore', 'ignore_ament_install']
[1.236s] Level 1:colcon.colcon_core.package_identification:_identify(qcar/virtual) by extension 'ignore'
[1.236s] Level 1:colcon.colcon_core.package_identification:_identify(qcar/virtual) by extension 'ignore_ament_install'
[1.236s] Level 1:colcon.colcon_core.package_identification:_identify(qcar/virtual) by extensions ['colcon_pkg']
[1.236s] Level 1:colcon.colcon_core.package_identification:_identify(qcar/virtual) by extension 'colcon_pkg'
[1.236s] Level 1:colcon.colcon_core.package_identification:_identify(qcar/virtual) by extensions ['colcon_meta']
[1.236s] Level 1:colcon.colcon_core.package_identification:_identify(qcar/virtual) by extension 'colcon_meta'
[1.236s] Level 1:colcon.colcon_core.package_identification:_identify(qcar/virtual) by extensions ['ros']
[1.236s] Level 1:colcon.colcon_core.package_identification:_identify(qcar/virtual) by extension 'ros'
[1.236s] Level 1:colcon.colcon_core.package_identification:_identify(qcar/virtual) by extensions ['cmake', 'python']
[1.236s] Level 1:colcon.colcon_core.package_identification:_identify(qcar/virtual) by extension 'cmake'
[1.236s] Level 1:colcon.colcon_core.package_identification:_identify(qcar/virtual) by extension 'python'
[1.236s] Level 1:colcon.colcon_core.package_identification:_identify(qcar/virtual) by extensions ['python_setup_py']
[1.236s] Level 1:colcon.colcon_core.package_identification:_identify(qcar/virtual) by extension 'python_setup_py'
[1.236s] Level 1:colcon.colcon_core.package_identification:_identify(qcar/virtual/applications) by extensions ['ignore', 'ignore_ament_install']
[1.237s] Level 1:colcon.colcon_core.package_identification:_identify(qcar/virtual/applications) by extension 'ignore'
[1.237s] Level 1:colcon.colcon_core.package_identification:_identify(qcar/virtual/applications) by extension 'ignore_ament_install'
[1.237s] Level 1:colcon.colcon_core.package_identification:_identify(qcar/virtual/applications) by extensions ['colcon_pkg']
[1.237s] Level 1:colcon.colcon_core.package_identification:_identify(qcar/virtual/applications) by extension 'colcon_pkg'
[1.237s] Level 1:colcon.colcon_core.package_identification:_identify(qcar/virtual/applications) by extensions ['colcon_meta']
[1.237s] Level 1:colcon.colcon_core.package_identification:_identify(qcar/virtual/applications) by extension 'colcon_meta'
[1.237s] Level 1:colcon.colcon_core.package_identification:_identify(qcar/virtual/applications) by extensions ['ros']
[1.237s] Level 1:colcon.colcon_core.package_identification:_identify(qcar/virtual/applications) by extension 'ros'
[1.237s] Level 1:colcon.colcon_core.package_identification:_identify(qcar/virtual/applications) by extensions ['cmake', 'python']
[1.237s] Level 1:colcon.colcon_core.package_identification:_identify(qcar/virtual/applications) by extension 'cmake'
[1.237s] Level 1:colcon.colcon_core.package_identification:_identify(qcar/virtual/applications) by extension 'python'
[1.237s] Level 1:colcon.colcon_core.package_identification:_identify(qcar/virtual/applications) by extensions ['python_setup_py']
[1.237s] Level 1:colcon.colcon_core.package_identification:_identify(qcar/virtual/applications) by extension 'python_setup_py'
[1.237s] Level 1:colcon.colcon_core.package_identification:_identify(qcar/virtual/applications/360_vision) by extensions ['ignore', 'ignore_ament_install']
[1.237s] Level 1:colcon.colcon_core.package_identification:_identify(qcar/virtual/applications/360_vision) by extension 'ignore'
[1.237s] Level 1:colcon.colcon_core.package_identification:_identify(qcar/virtual/applications/360_vision) by extension 'ignore_ament_install'
[1.237s] Level 1:colcon.colcon_core.package_identification:_identify(qcar/virtual/applications/360_vision) by extensions ['colcon_pkg']
[1.237s] Level 1:colcon.colcon_core.package_identification:_identify(qcar/virtual/applications/360_vision) by extension 'colcon_pkg'
[1.237s] Level 1:colcon.colcon_core.package_identification:_identify(qcar/virtual/applications/360_vision) by extensions ['colcon_meta']
[1.237s] Level 1:colcon.colcon_core.package_identification:_identify(qcar/virtual/applications/360_vision) by extension 'colcon_meta'
[1.237s] Level 1:colcon.colcon_core.package_identification:_identify(qcar/virtual/applications/360_vision) by extensions ['ros']
[1.237s] Level 1:colcon.colcon_core.package_identification:_identify(qcar/virtual/applications/360_vision) by extension 'ros'
[1.237s] Level 1:colcon.colcon_core.package_identification:_identify(qcar/virtual/applications/360_vision) by extensions ['cmake', 'python']
[1.237s] Level 1:colcon.colcon_core.package_identification:_identify(qcar/virtual/applications/360_vision) by extension 'cmake'
[1.237s] Level 1:colcon.colcon_core.package_identification:_identify(qcar/virtual/applications/360_vision) by extension 'python'
[1.237s] Level 1:colcon.colcon_core.package_identification:_identify(qcar/virtual/applications/360_vision) by extensions ['python_setup_py']
[1.237s] Level 1:colcon.colcon_core.package_identification:_identify(qcar/virtual/applications/360_vision) by extension 'python_setup_py'
[1.237s] Level 1:colcon.colcon_core.package_identification:_identify(qcar/virtual/applications/lane_following) by extensions ['ignore', 'ignore_ament_install']
[1.237s] Level 1:colcon.colcon_core.package_identification:_identify(qcar/virtual/applications/lane_following) by extension 'ignore'
[1.237s] Level 1:colcon.colcon_core.package_identification:_identify(qcar/virtual/applications/lane_following) by extension 'ignore_ament_install'
[1.237s] Level 1:colcon.colcon_core.package_identification:_identify(qcar/virtual/applications/lane_following) by extensions ['colcon_pkg']
[1.237s] Level 1:colcon.colcon_core.package_identification:_identify(qcar/virtual/applications/lane_following) by extension 'colcon_pkg'
[1.237s] Level 1:colcon.colcon_core.package_identification:_identify(qcar/virtual/applications/lane_following) by extensions ['colcon_meta']
[1.237s] Level 1:colcon.colcon_core.package_identification:_identify(qcar/virtual/applications/lane_following) by extension 'colcon_meta'
[1.237s] Level 1:colcon.colcon_core.package_identification:_identify(qcar/virtual/applications/lane_following) by extensions ['ros']
[1.237s] Level 1:colcon.colcon_core.package_identification:_identify(qcar/virtual/applications/lane_following) by extension 'ros'
[1.237s] Level 1:colcon.colcon_core.package_identification:_identify(qcar/virtual/applications/lane_following) by extensions ['cmake', 'python']
[1.237s] Level 1:colcon.colcon_core.package_identification:_identify(qcar/virtual/applications/lane_following) by extension 'cmake'
[1.237s] Level 1:colcon.colcon_core.package_identification:_identify(qcar/virtual/applications/lane_following) by extension 'python'
[1.237s] Level 1:colcon.colcon_core.package_identification:_identify(qcar/virtual/applications/lane_following) by extensions ['python_setup_py']
[1.237s] Level 1:colcon.colcon_core.package_identification:_identify(qcar/virtual/applications/lane_following) by extension 'python_setup_py'
[1.237s] Level 1:colcon.colcon_core.package_identification:_identify(qcar/virtual/applications/manual_drive) by extensions ['ignore', 'ignore_ament_install']
[1.237s] Level 1:colcon.colcon_core.package_identification:_identify(qcar/virtual/applications/manual_drive) by extension 'ignore'
[1.237s] Level 1:colcon.colcon_core.package_identification:_identify(qcar/virtual/applications/manual_drive) by extension 'ignore_ament_install'
[1.237s] Level 1:colcon.colcon_core.package_identification:_identify(qcar/virtual/applications/manual_drive) by extensions ['colcon_pkg']
[1.237s] Level 1:colcon.colcon_core.package_identification:_identify(qcar/virtual/applications/manual_drive) by extension 'colcon_pkg'
[1.237s] Level 1:colcon.colcon_core.package_identification:_identify(qcar/virtual/applications/manual_drive) by extensions ['colcon_meta']
[1.237s] Level 1:colcon.colcon_core.package_identification:_identify(qcar/virtual/applications/manual_drive) by extension 'colcon_meta'
[1.237s] Level 1:colcon.colcon_core.package_identification:_identify(qcar/virtual/applications/manual_drive) by extensions ['ros']
[1.237s] Level 1:colcon.colcon_core.package_identification:_identify(qcar/virtual/applications/manual_drive) by extension 'ros'
[1.237s] Level 1:colcon.colcon_core.package_identification:_identify(qcar/virtual/applications/manual_drive) by extensions ['cmake', 'python']
[1.237s] Level 1:colcon.colcon_core.package_identification:_identify(qcar/virtual/applications/manual_drive) by extension 'cmake'
[1.237s] Level 1:colcon.colcon_core.package_identification:_identify(qcar/virtual/applications/manual_drive) by extension 'python'
[1.237s] Level 1:colcon.colcon_core.package_identification:_identify(qcar/virtual/applications/manual_drive) by extensions ['python_setup_py']
[1.237s] Level 1:colcon.colcon_core.package_identification:_identify(qcar/virtual/applications/manual_drive) by extension 'python_setup_py'
[1.238s] Level 1:colcon.colcon_core.package_identification:_identify(qcar/virtual/applications/point_cloud_generation) by extensions ['ignore', 'ignore_ament_install']
[1.238s] Level 1:colcon.colcon_core.package_identification:_identify(qcar/virtual/applications/point_cloud_generation) by extension 'ignore'
[1.238s] Level 1:colcon.colcon_core.package_identification:_identify(qcar/virtual/applications/point_cloud_generation) by extension 'ignore_ament_install'
[1.238s] Level 1:colcon.colcon_core.package_identification:_identify(qcar/virtual/applications/point_cloud_generation) by extensions ['colcon_pkg']
[1.238s] Level 1:colcon.colcon_core.package_identification:_identify(qcar/virtual/applications/point_cloud_generation) by extension 'colcon_pkg'
[1.238s] Level 1:colcon.colcon_core.package_identification:_identify(qcar/virtual/applications/point_cloud_generation) by extensions ['colcon_meta']
[1.238s] Level 1:colcon.colcon_core.package_identification:_identify(qcar/virtual/applications/point_cloud_generation) by extension 'colcon_meta'
[1.238s] Level 1:colcon.colcon_core.package_identification:_identify(qcar/virtual/applications/point_cloud_generation) by extensions ['ros']
[1.238s] Level 1:colcon.colcon_core.package_identification:_identify(qcar/virtual/applications/point_cloud_generation) by extension 'ros'
[1.238s] Level 1:colcon.colcon_core.package_identification:_identify(qcar/virtual/applications/point_cloud_generation) by extensions ['cmake', 'python']
[1.238s] Level 1:colcon.colcon_core.package_identification:_identify(qcar/virtual/applications/point_cloud_generation) by extension 'cmake'
[1.238s] Level 1:colcon.colcon_core.package_identification:_identify(qcar/virtual/applications/point_cloud_generation) by extension 'python'
[1.238s] Level 1:colcon.colcon_core.package_identification:_identify(qcar/virtual/applications/point_cloud_generation) by extensions ['python_setup_py']
[1.238s] Level 1:colcon.colcon_core.package_identification:_identify(qcar/virtual/applications/point_cloud_generation) by extension 'python_setup_py'
[1.238s] Level 1:colcon.colcon_core.package_identification:_identify(qcar/virtual/applications/rgbd_imaging) by extensions ['ignore', 'ignore_ament_install']
[1.238s] Level 1:colcon.colcon_core.package_identification:_identify(qcar/virtual/applications/rgbd_imaging) by extension 'ignore'
[1.238s] Level 1:colcon.colcon_core.package_identification:_identify(qcar/virtual/applications/rgbd_imaging) by extension 'ignore_ament_install'
[1.238s] Level 1:colcon.colcon_core.package_identification:_identify(qcar/virtual/applications/rgbd_imaging) by extensions ['colcon_pkg']
[1.238s] Level 1:colcon.colcon_core.package_identification:_identify(qcar/virtual/applications/rgbd_imaging) by extension 'colcon_pkg'
[1.238s] Level 1:colcon.colcon_core.package_identification:_identify(qcar/virtual/applications/rgbd_imaging) by extensions ['colcon_meta']
[1.238s] Level 1:colcon.colcon_core.package_identification:_identify(qcar/virtual/applications/rgbd_imaging) by extension 'colcon_meta'
[1.238s] Level 1:colcon.colcon_core.package_identification:_identify(qcar/virtual/applications/rgbd_imaging) by extensions ['ros']
[1.238s] Level 1:colcon.colcon_core.package_identification:_identify(qcar/virtual/applications/rgbd_imaging) by extension 'ros'
[1.238s] Level 1:colcon.colcon_core.package_identification:_identify(qcar/virtual/applications/rgbd_imaging) by extensions ['cmake', 'python']
[1.238s] Level 1:colcon.colcon_core.package_identification:_identify(qcar/virtual/applications/rgbd_imaging) by extension 'cmake'
[1.238s] Level 1:colcon.colcon_core.package_identification:_identify(qcar/virtual/applications/rgbd_imaging) by extension 'python'
[1.238s] Level 1:colcon.colcon_core.package_identification:_identify(qcar/virtual/applications/rgbd_imaging) by extensions ['python_setup_py']
[1.238s] Level 1:colcon.colcon_core.package_identification:_identify(qcar/virtual/applications/rgbd_imaging) by extension 'python_setup_py'
[1.238s] Level 1:colcon.colcon_core.package_identification:_identify(qcar/virtual/hardware_tests) by extensions ['ignore', 'ignore_ament_install']
[1.238s] Level 1:colcon.colcon_core.package_identification:_identify(qcar/virtual/hardware_tests) by extension 'ignore'
[1.238s] Level 1:colcon.colcon_core.package_identification:_identify(qcar/virtual/hardware_tests) by extension 'ignore_ament_install'
[1.238s] Level 1:colcon.colcon_core.package_identification:_identify(qcar/virtual/hardware_tests) by extensions ['colcon_pkg']
[1.238s] Level 1:colcon.colcon_core.package_identification:_identify(qcar/virtual/hardware_tests) by extension 'colcon_pkg'
[1.238s] Level 1:colcon.colcon_core.package_identification:_identify(qcar/virtual/hardware_tests) by extensions ['colcon_meta']
[1.238s] Level 1:colcon.colcon_core.package_identification:_identify(qcar/virtual/hardware_tests) by extension 'colcon_meta'
[1.238s] Level 1:colcon.colcon_core.package_identification:_identify(qcar/virtual/hardware_tests) by extensions ['ros']
[1.238s] Level 1:colcon.colcon_core.package_identification:_identify(qcar/virtual/hardware_tests) by extension 'ros'
[1.238s] Level 1:colcon.colcon_core.package_identification:_identify(qcar/virtual/hardware_tests) by extensions ['cmake', 'python']
[1.238s] Level 1:colcon.colcon_core.package_identification:_identify(qcar/virtual/hardware_tests) by extension 'cmake'
[1.238s] Level 1:colcon.colcon_core.package_identification:_identify(qcar/virtual/hardware_tests) by extension 'python'
[1.238s] Level 1:colcon.colcon_core.package_identification:_identify(qcar/virtual/hardware_tests) by extensions ['python_setup_py']
[1.238s] Level 1:colcon.colcon_core.package_identification:_identify(qcar/virtual/hardware_tests) by extension 'python_setup_py'
[1.238s] Level 1:colcon.colcon_core.package_identification:_identify(qcar2) by extensions ['ignore', 'ignore_ament_install']
[1.238s] Level 1:colcon.colcon_core.package_identification:_identify(qcar2) by extension 'ignore'
[1.238s] Level 1:colcon.colcon_core.package_identification:_identify(qcar2) by extension 'ignore_ament_install'
[1.238s] Level 1:colcon.colcon_core.package_identification:_identify(qcar2) by extensions ['colcon_pkg']
[1.238s] Level 1:colcon.colcon_core.package_identification:_identify(qcar2) by extension 'colcon_pkg'
[1.238s] Level 1:colcon.colcon_core.package_identification:_identify(qcar2) by extensions ['colcon_meta']
[1.238s] Level 1:colcon.colcon_core.package_identification:_identify(qcar2) by extension 'colcon_meta'
[1.238s] Level 1:colcon.colcon_core.package_identification:_identify(qcar2) by extensions ['ros']
[1.238s] Level 1:colcon.colcon_core.package_identification:_identify(qcar2) by extension 'ros'
[1.238s] Level 1:colcon.colcon_core.package_identification:_identify(qcar2) by extensions ['cmake', 'python']
[1.238s] Level 1:colcon.colcon_core.package_identification:_identify(qcar2) by extension 'cmake'
[1.238s] Level 1:colcon.colcon_core.package_identification:_identify(qcar2) by extension 'python'
[1.239s] Level 1:colcon.colcon_core.package_identification:_identify(qcar2) by extensions ['python_setup_py']
[1.239s] Level 1:colcon.colcon_core.package_identification:_identify(qcar2) by extension 'python_setup_py'
[1.239s] Level 1:colcon.colcon_core.package_identification:_identify(qcar2/hardware) by extensions ['ignore', 'ignore_ament_install']
[1.239s] Level 1:colcon.colcon_core.package_identification:_identify(qcar2/hardware) by extension 'ignore'
[1.239s] Level 1:colcon.colcon_core.package_identification:_identify(qcar2/hardware) by extension 'ignore_ament_install'
[1.239s] Level 1:colcon.colcon_core.package_identification:_identify(qcar2/hardware) by extensions ['colcon_pkg']
[1.239s] Level 1:colcon.colcon_core.package_identification:_identify(qcar2/hardware) by extension 'colcon_pkg'
[1.239s] Level 1:colcon.colcon_core.package_identification:_identify(qcar2/hardware) by extensions ['colcon_meta']
[1.239s] Level 1:colcon.colcon_core.package_identification:_identify(qcar2/hardware) by extension 'colcon_meta'
[1.239s] Level 1:colcon.colcon_core.package_identification:_identify(qcar2/hardware) by extensions ['ros']
[1.239s] Level 1:colcon.colcon_core.package_identification:_identify(qcar2/hardware) by extension 'ros'
[1.239s] Level 1:colcon.colcon_core.package_identification:_identify(qcar2/hardware) by extensions ['cmake', 'python']
[1.239s] Level 1:colcon.colcon_core.package_identification:_identify(qcar2/hardware) by extension 'cmake'
[1.239s] Level 1:colcon.colcon_core.package_identification:_identify(qcar2/hardware) by extension 'python'
[1.239s] Level 1:colcon.colcon_core.package_identification:_identify(qcar2/hardware) by extensions ['python_setup_py']
[1.239s] Level 1:colcon.colcon_core.package_identification:_identify(qcar2/hardware) by extension 'python_setup_py'
[1.239s] Level 1:colcon.colcon_core.package_identification:_identify(qcar2/hardware/applications) by extensions ['ignore', 'ignore_ament_install']
[1.239s] Level 1:colcon.colcon_core.package_identification:_identify(qcar2/hardware/applications) by extension 'ignore'
[1.239s] Level 1:colcon.colcon_core.package_identification:_identify(qcar2/hardware/applications) by extension 'ignore_ament_install'
[1.239s] Level 1:colcon.colcon_core.package_identification:_identify(qcar2/hardware/applications) by extensions ['colcon_pkg']
[1.239s] Level 1:colcon.colcon_core.package_identification:_identify(qcar2/hardware/applications) by extension 'colcon_pkg'
[1.239s] Level 1:colcon.colcon_core.package_identification:_identify(qcar2/hardware/applications) by extensions ['colcon_meta']
[1.239s] Level 1:colcon.colcon_core.package_identification:_identify(qcar2/hardware/applications) by extension 'colcon_meta'
[1.239s] Level 1:colcon.colcon_core.package_identification:_identify(qcar2/hardware/applications) by extensions ['ros']
[1.239s] Level 1:colcon.colcon_core.package_identification:_identify(qcar2/hardware/applications) by extension 'ros'
[1.239s] Level 1:colcon.colcon_core.package_identification:_identify(qcar2/hardware/applications) by extensions ['cmake', 'python']
[1.239s] Level 1:colcon.colcon_core.package_identification:_identify(qcar2/hardware/applications) by extension 'cmake'
[1.239s] Level 1:colcon.colcon_core.package_identification:_identify(qcar2/hardware/applications) by extension 'python'
[1.239s] Level 1:colcon.colcon_core.package_identification:_identify(qcar2/hardware/applications) by extensions ['python_setup_py']
[1.239s] Level 1:colcon.colcon_core.package_identification:_identify(qcar2/hardware/applications) by extension 'python_setup_py'
[1.239s] Level 1:colcon.colcon_core.package_identification:_identify(qcar2/hardware/applications/360_vision) by extensions ['ignore', 'ignore_ament_install']
[1.239s] Level 1:colcon.colcon_core.package_identification:_identify(qcar2/hardware/applications/360_vision) by extension 'ignore'
[1.239s] Level 1:colcon.colcon_core.package_identification:_identify(qcar2/hardware/applications/360_vision) by extension 'ignore_ament_install'
[1.239s] Level 1:colcon.colcon_core.package_identification:_identify(qcar2/hardware/applications/360_vision) by extensions ['colcon_pkg']
[1.239s] Level 1:colcon.colcon_core.package_identification:_identify(qcar2/hardware/applications/360_vision) by extension 'colcon_pkg'
[1.239s] Level 1:colcon.colcon_core.package_identification:_identify(qcar2/hardware/applications/360_vision) by extensions ['colcon_meta']
[1.239s] Level 1:colcon.colcon_core.package_identification:_identify(qcar2/hardware/applications/360_vision) by extension 'colcon_meta'
[1.239s] Level 1:colcon.colcon_core.package_identification:_identify(qcar2/hardware/applications/360_vision) by extensions ['ros']
[1.239s] Level 1:colcon.colcon_core.package_identification:_identify(qcar2/hardware/applications/360_vision) by extension 'ros'
[1.239s] Level 1:colcon.colcon_core.package_identification:_identify(qcar2/hardware/applications/360_vision) by extensions ['cmake', 'python']
[1.239s] Level 1:colcon.colcon_core.package_identification:_identify(qcar2/hardware/applications/360_vision) by extension 'cmake'
[1.239s] Level 1:colcon.colcon_core.package_identification:_identify(qcar2/hardware/applications/360_vision) by extension 'python'
[1.239s] Level 1:colcon.colcon_core.package_identification:_identify(qcar2/hardware/applications/360_vision) by extensions ['python_setup_py']
[1.239s] Level 1:colcon.colcon_core.package_identification:_identify(qcar2/hardware/applications/360_vision) by extension 'python_setup_py'
[1.239s] Level 1:colcon.colcon_core.package_identification:_identify(qcar2/hardware/applications/lane_following) by extensions ['ignore', 'ignore_ament_install']
[1.239s] Level 1:colcon.colcon_core.package_identification:_identify(qcar2/hardware/applications/lane_following) by extension 'ignore'
[1.239s] Level 1:colcon.colcon_core.package_identification:_identify(qcar2/hardware/applications/lane_following) by extension 'ignore_ament_install'
[1.239s] Level 1:colcon.colcon_core.package_identification:_identify(qcar2/hardware/applications/lane_following) by extensions ['colcon_pkg']
[1.239s] Level 1:colcon.colcon_core.package_identification:_identify(qcar2/hardware/applications/lane_following) by extension 'colcon_pkg'
[1.239s] Level 1:colcon.colcon_core.package_identification:_identify(qcar2/hardware/applications/lane_following) by extensions ['colcon_meta']
[1.239s] Level 1:colcon.colcon_core.package_identification:_identify(qcar2/hardware/applications/lane_following) by extension 'colcon_meta'
[1.240s] Level 1:colcon.colcon_core.package_identification:_identify(qcar2/hardware/applications/lane_following) by extensions ['ros']
[1.240s] Level 1:colcon.colcon_core.package_identification:_identify(qcar2/hardware/applications/lane_following) by extension 'ros'
[1.240s] Level 1:colcon.colcon_core.package_identification:_identify(qcar2/hardware/applications/lane_following) by extensions ['cmake', 'python']
[1.240s] Level 1:colcon.colcon_core.package_identification:_identify(qcar2/hardware/applications/lane_following) by extension 'cmake'
[1.240s] Level 1:colcon.colcon_core.package_identification:_identify(qcar2/hardware/applications/lane_following) by extension 'python'
[1.240s] Level 1:colcon.colcon_core.package_identification:_identify(qcar2/hardware/applications/lane_following) by extensions ['python_setup_py']
[1.240s] Level 1:colcon.colcon_core.package_identification:_identify(qcar2/hardware/applications/lane_following) by extension 'python_setup_py'
[1.240s] Level 1:colcon.colcon_core.package_identification:_identify(qcar2/hardware/applications/lanenet) by extensions ['ignore', 'ignore_ament_install']
[1.240s] Level 1:colcon.colcon_core.package_identification:_identify(qcar2/hardware/applications/lanenet) by extension 'ignore'
[1.240s] Level 1:colcon.colcon_core.package_identification:_identify(qcar2/hardware/applications/lanenet) by extension 'ignore_ament_install'
[1.240s] Level 1:colcon.colcon_core.package_identification:_identify(qcar2/hardware/applications/lanenet) by extensions ['colcon_pkg']
[1.240s] Level 1:colcon.colcon_core.package_identification:_identify(qcar2/hardware/applications/lanenet) by extension 'colcon_pkg'
[1.240s] Level 1:colcon.colcon_core.package_identification:_identify(qcar2/hardware/applications/lanenet) by extensions ['colcon_meta']
[1.240s] Level 1:colcon.colcon_core.package_identification:_identify(qcar2/hardware/applications/lanenet) by extension 'colcon_meta'
[1.240s] Level 1:colcon.colcon_core.package_identification:_identify(qcar2/hardware/applications/lanenet) by extensions ['ros']
[1.240s] Level 1:colcon.colcon_core.package_identification:_identify(qcar2/hardware/applications/lanenet) by extension 'ros'
[1.240s] Level 1:colcon.colcon_core.package_identification:_identify(qcar2/hardware/applications/lanenet) by extensions ['cmake', 'python']
[1.240s] Level 1:colcon.colcon_core.package_identification:_identify(qcar2/hardware/applications/lanenet) by extension 'cmake'
[1.240s] Level 1:colcon.colcon_core.package_identification:_identify(qcar2/hardware/applications/lanenet) by extension 'python'
[1.240s] Level 1:colcon.colcon_core.package_identification:_identify(qcar2/hardware/applications/lanenet) by extensions ['python_setup_py']
[1.240s] Level 1:colcon.colcon_core.package_identification:_identify(qcar2/hardware/applications/lanenet) by extension 'python_setup_py'
[1.240s] Level 1:colcon.colcon_core.package_identification:_identify(qcar2/hardware/applications/manual_drive) by extensions ['ignore', 'ignore_ament_install']
[1.240s] Level 1:colcon.colcon_core.package_identification:_identify(qcar2/hardware/applications/manual_drive) by extension 'ignore'
[1.240s] Level 1:colcon.colcon_core.package_identification:_identify(qcar2/hardware/applications/manual_drive) by extension 'ignore_ament_install'
[1.240s] Level 1:colcon.colcon_core.package_identification:_identify(qcar2/hardware/applications/manual_drive) by extensions ['colcon_pkg']
[1.240s] Level 1:colcon.colcon_core.package_identification:_identify(qcar2/hardware/applications/manual_drive) by extension 'colcon_pkg'
[1.240s] Level 1:colcon.colcon_core.package_identification:_identify(qcar2/hardware/applications/manual_drive) by extensions ['colcon_meta']
[1.240s] Level 1:colcon.colcon_core.package_identification:_identify(qcar2/hardware/applications/manual_drive) by extension 'colcon_meta'
[1.240s] Level 1:colcon.colcon_core.package_identification:_identify(qcar2/hardware/applications/manual_drive) by extensions ['ros']
[1.240s] Level 1:colcon.colcon_core.package_identification:_identify(qcar2/hardware/applications/manual_drive) by extension 'ros'
[1.240s] Level 1:colcon.colcon_core.package_identification:_identify(qcar2/hardware/applications/manual_drive) by extensions ['cmake', 'python']
[1.240s] Level 1:colcon.colcon_core.package_identification:_identify(qcar2/hardware/applications/manual_drive) by extension 'cmake'
[1.240s] Level 1:colcon.colcon_core.package_identification:_identify(qcar2/hardware/applications/manual_drive) by extension 'python'
[1.240s] Level 1:colcon.colcon_core.package_identification:_identify(qcar2/hardware/applications/manual_drive) by extensions ['python_setup_py']
[1.240s] Level 1:colcon.colcon_core.package_identification:_identify(qcar2/hardware/applications/manual_drive) by extension 'python_setup_py'
[1.240s] Level 1:colcon.colcon_core.package_identification:_identify(qcar2/hardware/applications/multi_vehicle_self_driving) by extensions ['ignore', 'ignore_ament_install']
[1.240s] Level 1:colcon.colcon_core.package_identification:_identify(qcar2/hardware/applications/multi_vehicle_self_driving) by extension 'ignore'
[1.240s] Level 1:colcon.colcon_core.package_identification:_identify(qcar2/hardware/applications/multi_vehicle_self_driving) by extension 'ignore_ament_install'
[1.240s] Level 1:colcon.colcon_core.package_identification:_identify(qcar2/hardware/applications/multi_vehicle_self_driving) by extensions ['colcon_pkg']
[1.240s] Level 1:colcon.colcon_core.package_identification:_identify(qcar2/hardware/applications/multi_vehicle_self_driving) by extension 'colcon_pkg'
[1.240s] Level 1:colcon.colcon_core.package_identification:_identify(qcar2/hardware/applications/multi_vehicle_self_driving) by extensions ['colcon_meta']
[1.240s] Level 1:colcon.colcon_core.package_identification:_identify(qcar2/hardware/applications/multi_vehicle_self_driving) by extension 'colcon_meta'
[1.240s] Level 1:colcon.colcon_core.package_identification:_identify(qcar2/hardware/applications/multi_vehicle_self_driving) by extensions ['ros']
[1.240s] Level 1:colcon.colcon_core.package_identification:_identify(qcar2/hardware/applications/multi_vehicle_self_driving) by extension 'ros'
[1.240s] Level 1:colcon.colcon_core.package_identification:_identify(qcar2/hardware/applications/multi_vehicle_self_driving) by extensions ['cmake', 'python']
[1.240s] Level 1:colcon.colcon_core.package_identification:_identify(qcar2/hardware/applications/multi_vehicle_self_driving) by extension 'cmake'
[1.240s] Level 1:colcon.colcon_core.package_identification:_identify(qcar2/hardware/applications/multi_vehicle_self_driving) by extension 'python'
[1.240s] Level 1:colcon.colcon_core.package_identification:_identify(qcar2/hardware/applications/multi_vehicle_self_driving) by extensions ['python_setup_py']
[1.240s] Level 1:colcon.colcon_core.package_identification:_identify(qcar2/hardware/applications/multi_vehicle_self_driving) by extension 'python_setup_py'
[1.240s] Level 1:colcon.colcon_core.package_identification:_identify(qcar2/hardware/applications/multi_vehicle_self_driving/python) by extensions ['ignore', 'ignore_ament_install']
[1.241s] Level 1:colcon.colcon_core.package_identification:_identify(qcar2/hardware/applications/multi_vehicle_self_driving/python) by extension 'ignore'
[1.241s] Level 1:colcon.colcon_core.package_identification:_identify(qcar2/hardware/applications/multi_vehicle_self_driving/python) by extension 'ignore_ament_install'
[1.241s] Level 1:colcon.colcon_core.package_identification:_identify(qcar2/hardware/applications/multi_vehicle_self_driving/python) by extensions ['colcon_pkg']
[1.241s] Level 1:colcon.colcon_core.package_identification:_identify(qcar2/hardware/applications/multi_vehicle_self_driving/python) by extension 'colcon_pkg'
[1.241s] Level 1:colcon.colcon_core.package_identification:_identify(qcar2/hardware/applications/multi_vehicle_self_driving/python) by extensions ['colcon_meta']
[1.241s] Level 1:colcon.colcon_core.package_identification:_identify(qcar2/hardware/applications/multi_vehicle_self_driving/python) by extension 'colcon_meta'
[1.241s] Level 1:colcon.colcon_core.package_identification:_identify(qcar2/hardware/applications/multi_vehicle_self_driving/python) by extensions ['ros']
[1.241s] Level 1:colcon.colcon_core.package_identification:_identify(qcar2/hardware/applications/multi_vehicle_self_driving/python) by extension 'ros'
[1.241s] Level 1:colcon.colcon_core.package_identification:_identify(qcar2/hardware/applications/multi_vehicle_self_driving/python) by extensions ['cmake', 'python']
[1.241s] Level 1:colcon.colcon_core.package_identification:_identify(qcar2/hardware/applications/multi_vehicle_self_driving/python) by extension 'cmake'
[1.241s] Level 1:colcon.colcon_core.package_identification:_identify(qcar2/hardware/applications/multi_vehicle_self_driving/python) by extension 'python'
[1.241s] Level 1:colcon.colcon_core.package_identification:_identify(qcar2/hardware/applications/multi_vehicle_self_driving/python) by extensions ['python_setup_py']
[1.241s] Level 1:colcon.colcon_core.package_identification:_identify(qcar2/hardware/applications/multi_vehicle_self_driving/python) by extension 'python_setup_py'
[1.241s] Level 1:colcon.colcon_core.package_identification:_identify(qcar2/hardware/applications/multi_vehicle_self_driving/qcar) by extensions ['ignore', 'ignore_ament_install']
[1.241s] Level 1:colcon.colcon_core.package_identification:_identify(qcar2/hardware/applications/multi_vehicle_self_driving/qcar) by extension 'ignore'
[1.241s] Level 1:colcon.colcon_core.package_identification:_identify(qcar2/hardware/applications/multi_vehicle_self_driving/qcar) by extension 'ignore_ament_install'
[1.241s] Level 1:colcon.colcon_core.package_identification:_identify(qcar2/hardware/applications/multi_vehicle_self_driving/qcar) by extensions ['colcon_pkg']
[1.241s] Level 1:colcon.colcon_core.package_identification:_identify(qcar2/hardware/applications/multi_vehicle_self_driving/qcar) by extension 'colcon_pkg'
[1.241s] Level 1:colcon.colcon_core.package_identification:_identify(qcar2/hardware/applications/multi_vehicle_self_driving/qcar) by extensions ['colcon_meta']
[1.241s] Level 1:colcon.colcon_core.package_identification:_identify(qcar2/hardware/applications/multi_vehicle_self_driving/qcar) by extension 'colcon_meta'
[1.241s] Level 1:colcon.colcon_core.package_identification:_identify(qcar2/hardware/applications/multi_vehicle_self_driving/qcar) by extensions ['ros']
[1.241s] Level 1:colcon.colcon_core.package_identification:_identify(qcar2/hardware/applications/multi_vehicle_self_driving/qcar) by extension 'ros'
[1.241s] Level 1:colcon.colcon_core.package_identification:_identify(qcar2/hardware/applications/multi_vehicle_self_driving/qcar) by extensions ['cmake', 'python']
[1.241s] Level 1:colcon.colcon_core.package_identification:_identify(qcar2/hardware/applications/multi_vehicle_self_driving/qcar) by extension 'cmake'
[1.241s] Level 1:colcon.colcon_core.package_identification:_identify(qcar2/hardware/applications/multi_vehicle_self_driving/qcar) by extension 'python'
[1.241s] Level 1:colcon.colcon_core.package_identification:_identify(qcar2/hardware/applications/multi_vehicle_self_driving/qcar) by extensions ['python_setup_py']
[1.241s] Level 1:colcon.colcon_core.package_identification:_identify(qcar2/hardware/applications/multi_vehicle_self_driving/qcar) by extension 'python_setup_py'
[1.241s] Level 1:colcon.colcon_core.package_identification:_identify(qcar2/hardware/applications/multi_vehicle_self_driving/reference_scan) by extensions ['ignore', 'ignore_ament_install']
[1.241s] Level 1:colcon.colcon_core.package_identification:_identify(qcar2/hardware/applications/multi_vehicle_self_driving/reference_scan) by extension 'ignore'
[1.241s] Level 1:colcon.colcon_core.package_identification:_identify(qcar2/hardware/applications/multi_vehicle_self_driving/reference_scan) by extension 'ignore_ament_install'
[1.241s] Level 1:colcon.colcon_core.package_identification:_identify(qcar2/hardware/applications/multi_vehicle_self_driving/reference_scan) by extensions ['colcon_pkg']
[1.241s] Level 1:colcon.colcon_core.package_identification:_identify(qcar2/hardware/applications/multi_vehicle_self_driving/reference_scan) by extension 'colcon_pkg'
[1.241s] Level 1:colcon.colcon_core.package_identification:_identify(qcar2/hardware/applications/multi_vehicle_self_driving/reference_scan) by extensions ['colcon_meta']
[1.241s] Level 1:colcon.colcon_core.package_identification:_identify(qcar2/hardware/applications/multi_vehicle_self_driving/reference_scan) by extension 'colcon_meta'
[1.241s] Level 1:colcon.colcon_core.package_identification:_identify(qcar2/hardware/applications/multi_vehicle_self_driving/reference_scan) by extensions ['ros']
[1.241s] Level 1:colcon.colcon_core.package_identification:_identify(qcar2/hardware/applications/multi_vehicle_self_driving/reference_scan) by extension 'ros'
[1.241s] Level 1:colcon.colcon_core.package_identification:_identify(qcar2/hardware/applications/multi_vehicle_self_driving/reference_scan) by extensions ['cmake', 'python']
[1.241s] Level 1:colcon.colcon_core.package_identification:_identify(qcar2/hardware/applications/multi_vehicle_self_driving/reference_scan) by extension 'cmake'
[1.241s] Level 1:colcon.colcon_core.package_identification:_identify(qcar2/hardware/applications/multi_vehicle_self_driving/reference_scan) by extension 'python'
[1.241s] Level 1:colcon.colcon_core.package_identification:_identify(qcar2/hardware/applications/multi_vehicle_self_driving/reference_scan) by extensions ['python_setup_py']
[1.241s] Level 1:colcon.colcon_core.package_identification:_identify(qcar2/hardware/applications/multi_vehicle_self_driving/reference_scan) by extension 'python_setup_py'
[1.241s] Level 1:colcon.colcon_core.package_identification:_identify(qcar2/hardware/applications/point_cloud_generation) by extensions ['ignore', 'ignore_ament_install']
[1.241s] Level 1:colcon.colcon_core.package_identification:_identify(qcar2/hardware/applications/point_cloud_generation) by extension 'ignore'
[1.241s] Level 1:colcon.colcon_core.package_identification:_identify(qcar2/hardware/applications/point_cloud_generation) by extension 'ignore_ament_install'
[1.241s] Level 1:colcon.colcon_core.package_identification:_identify(qcar2/hardware/applications/point_cloud_generation) by extensions ['colcon_pkg']
[1.241s] Level 1:colcon.colcon_core.package_identification:_identify(qcar2/hardware/applications/point_cloud_generation) by extension 'colcon_pkg'
[1.241s] Level 1:colcon.colcon_core.package_identification:_identify(qcar2/hardware/applications/point_cloud_generation) by extensions ['colcon_meta']
[1.241s] Level 1:colcon.colcon_core.package_identification:_identify(qcar2/hardware/applications/point_cloud_generation) by extension 'colcon_meta'
[1.241s] Level 1:colcon.colcon_core.package_identification:_identify(qcar2/hardware/applications/point_cloud_generation) by extensions ['ros']
[1.241s] Level 1:colcon.colcon_core.package_identification:_identify(qcar2/hardware/applications/point_cloud_generation) by extension 'ros'
[1.241s] Level 1:colcon.colcon_core.package_identification:_identify(qcar2/hardware/applications/point_cloud_generation) by extensions ['cmake', 'python']
[1.241s] Level 1:colcon.colcon_core.package_identification:_identify(qcar2/hardware/applications/point_cloud_generation) by extension 'cmake'
[1.242s] Level 1:colcon.colcon_core.package_identification:_identify(qcar2/hardware/applications/point_cloud_generation) by extension 'python'
[1.242s] Level 1:colcon.colcon_core.package_identification:_identify(qcar2/hardware/applications/point_cloud_generation) by extensions ['python_setup_py']
[1.242s] Level 1:colcon.colcon_core.package_identification:_identify(qcar2/hardware/applications/point_cloud_generation) by extension 'python_setup_py'
[1.242s] Level 1:colcon.colcon_core.package_identification:_identify(qcar2/hardware/applications/rgbd_imaging) by extensions ['ignore', 'ignore_ament_install']
[1.242s] Level 1:colcon.colcon_core.package_identification:_identify(qcar2/hardware/applications/rgbd_imaging) by extension 'ignore'
[1.242s] Level 1:colcon.colcon_core.package_identification:_identify(qcar2/hardware/applications/rgbd_imaging) by extension 'ignore_ament_install'
[1.242s] Level 1:colcon.colcon_core.package_identification:_identify(qcar2/hardware/applications/rgbd_imaging) by extensions ['colcon_pkg']
[1.242s] Level 1:colcon.colcon_core.package_identification:_identify(qcar2/hardware/applications/rgbd_imaging) by extension 'colcon_pkg'
[1.242s] Level 1:colcon.colcon_core.package_identification:_identify(qcar2/hardware/applications/rgbd_imaging) by extensions ['colcon_meta']
[1.242s] Level 1:colcon.colcon_core.package_identification:_identify(qcar2/hardware/applications/rgbd_imaging) by extension 'colcon_meta'
[1.242s] Level 1:colcon.colcon_core.package_identification:_identify(qcar2/hardware/applications/rgbd_imaging) by extensions ['ros']
[1.242s] Level 1:colcon.colcon_core.package_identification:_identify(qcar2/hardware/applications/rgbd_imaging) by extension 'ros'
[1.242s] Level 1:colcon.colcon_core.package_identification:_identify(qcar2/hardware/applications/rgbd_imaging) by extensions ['cmake', 'python']
[1.242s] Level 1:colcon.colcon_core.package_identification:_identify(qcar2/hardware/applications/rgbd_imaging) by extension 'cmake'
[1.242s] Level 1:colcon.colcon_core.package_identification:_identify(qcar2/hardware/applications/rgbd_imaging) by extension 'python'
[1.242s] Level 1:colcon.colcon_core.package_identification:_identify(qcar2/hardware/applications/rgbd_imaging) by extensions ['python_setup_py']
[1.242s] Level 1:colcon.colcon_core.package_identification:_identify(qcar2/hardware/applications/rgbd_imaging) by extension 'python_setup_py'
[1.242s] Level 1:colcon.colcon_core.package_identification:_identify(qcar2/hardware/applications/yolo) by extensions ['ignore', 'ignore_ament_install']
[1.242s] Level 1:colcon.colcon_core.package_identification:_identify(qcar2/hardware/applications/yolo) by extension 'ignore'
[1.242s] Level 1:colcon.colcon_core.package_identification:_identify(qcar2/hardware/applications/yolo) by extension 'ignore_ament_install'
[1.242s] Level 1:colcon.colcon_core.package_identification:_identify(qcar2/hardware/applications/yolo) by extensions ['colcon_pkg']
[1.242s] Level 1:colcon.colcon_core.package_identification:_identify(qcar2/hardware/applications/yolo) by extension 'colcon_pkg'
[1.242s] Level 1:colcon.colcon_core.package_identification:_identify(qcar2/hardware/applications/yolo) by extensions ['colcon_meta']
[1.242s] Level 1:colcon.colcon_core.package_identification:_identify(qcar2/hardware/applications/yolo) by extension 'colcon_meta'
[1.242s] Level 1:colcon.colcon_core.package_identification:_identify(qcar2/hardware/applications/yolo) by extensions ['ros']
[1.242s] Level 1:colcon.colcon_core.package_identification:_identify(qcar2/hardware/applications/yolo) by extension 'ros'
[1.242s] Level 1:colcon.colcon_core.package_identification:_identify(qcar2/hardware/applications/yolo) by extensions ['cmake', 'python']
[1.242s] Level 1:colcon.colcon_core.package_identification:_identify(qcar2/hardware/applications/yolo) by extension 'cmake'
[1.242s] Level 1:colcon.colcon_core.package_identification:_identify(qcar2/hardware/applications/yolo) by extension 'python'
[1.242s] Level 1:colcon.colcon_core.package_identification:_identify(qcar2/hardware/applications/yolo) by extensions ['python_setup_py']
[1.242s] Level 1:colcon.colcon_core.package_identification:_identify(qcar2/hardware/applications/yolo) by extension 'python_setup_py'
[1.242s] Level 1:colcon.colcon_core.package_identification:_identify(qcar2/hardware/hardware_tests) by extensions ['ignore', 'ignore_ament_install']
[1.242s] Level 1:colcon.colcon_core.package_identification:_identify(qcar2/hardware/hardware_tests) by extension 'ignore'
[1.242s] Level 1:colcon.colcon_core.package_identification:_identify(qcar2/hardware/hardware_tests) by extension 'ignore_ament_install'
[1.242s] Level 1:colcon.colcon_core.package_identification:_identify(qcar2/hardware/hardware_tests) by extensions ['colcon_pkg']
[1.242s] Level 1:colcon.colcon_core.package_identification:_identify(qcar2/hardware/hardware_tests) by extension 'colcon_pkg'
[1.242s] Level 1:colcon.colcon_core.package_identification:_identify(qcar2/hardware/hardware_tests) by extensions ['colcon_meta']
[1.242s] Level 1:colcon.colcon_core.package_identification:_identify(qcar2/hardware/hardware_tests) by extension 'colcon_meta'
[1.242s] Level 1:colcon.colcon_core.package_identification:_identify(qcar2/hardware/hardware_tests) by extensions ['ros']
[1.242s] Level 1:colcon.colcon_core.package_identification:_identify(qcar2/hardware/hardware_tests) by extension 'ros'
[1.242s] Level 1:colcon.colcon_core.package_identification:_identify(qcar2/hardware/hardware_tests) by extensions ['cmake', 'python']
[1.242s] Level 1:colcon.colcon_core.package_identification:_identify(qcar2/hardware/hardware_tests) by extension 'cmake'
[1.242s] Level 1:colcon.colcon_core.package_identification:_identify(qcar2/hardware/hardware_tests) by extension 'python'
[1.242s] Level 1:colcon.colcon_core.package_identification:_identify(qcar2/hardware/hardware_tests) by extensions ['python_setup_py']
[1.242s] Level 1:colcon.colcon_core.package_identification:_identify(qcar2/hardware/hardware_tests) by extension 'python_setup_py'
[1.242s] Level 1:colcon.colcon_core.package_identification:_identify(qcar2/virtual) by extensions ['ignore', 'ignore_ament_install']
[1.242s] Level 1:colcon.colcon_core.package_identification:_identify(qcar2/virtual) by extension 'ignore'
[1.242s] Level 1:colcon.colcon_core.package_identification:_identify(qcar2/virtual) by extension 'ignore_ament_install'
[1.242s] Level 1:colcon.colcon_core.package_identification:_identify(qcar2/virtual) by extensions ['colcon_pkg']
[1.242s] Level 1:colcon.colcon_core.package_identification:_identify(qcar2/virtual) by extension 'colcon_pkg'
[1.242s] Level 1:colcon.colcon_core.package_identification:_identify(qcar2/virtual) by extensions ['colcon_meta']
[1.242s] Level 1:colcon.colcon_core.package_identification:_identify(qcar2/virtual) by extension 'colcon_meta'
[1.242s] Level 1:colcon.colcon_core.package_identification:_identify(qcar2/virtual) by extensions ['ros']
[1.242s] Level 1:colcon.colcon_core.package_identification:_identify(qcar2/virtual) by extension 'ros'
[1.243s] Level 1:colcon.colcon_core.package_identification:_identify(qcar2/virtual) by extensions ['cmake', 'python']
[1.243s] Level 1:colcon.colcon_core.package_identification:_identify(qcar2/virtual) by extension 'cmake'
[1.243s] Level 1:colcon.colcon_core.package_identification:_identify(qcar2/virtual) by extension 'python'
[1.243s] Level 1:colcon.colcon_core.package_identification:_identify(qcar2/virtual) by extensions ['python_setup_py']
[1.243s] Level 1:colcon.colcon_core.package_identification:_identify(qcar2/virtual) by extension 'python_setup_py'
[1.243s] Level 1:colcon.colcon_core.package_identification:_identify(qcar2/virtual/applications) by extensions ['ignore', 'ignore_ament_install']
[1.243s] Level 1:colcon.colcon_core.package_identification:_identify(qcar2/virtual/applications) by extension 'ignore'
[1.243s] Level 1:colcon.colcon_core.package_identification:_identify(qcar2/virtual/applications) by extension 'ignore_ament_install'
[1.243s] Level 1:colcon.colcon_core.package_identification:_identify(qcar2/virtual/applications) by extensions ['colcon_pkg']
[1.243s] Level 1:colcon.colcon_core.package_identification:_identify(qcar2/virtual/applications) by extension 'colcon_pkg'
[1.243s] Level 1:colcon.colcon_core.package_identification:_identify(qcar2/virtual/applications) by extensions ['colcon_meta']
[1.243s] Level 1:colcon.colcon_core.package_identification:_identify(qcar2/virtual/applications) by extension 'colcon_meta'
[1.243s] Level 1:colcon.colcon_core.package_identification:_identify(qcar2/virtual/applications) by extensions ['ros']
[1.243s] Level 1:colcon.colcon_core.package_identification:_identify(qcar2/virtual/applications) by extension 'ros'
[1.243s] Level 1:colcon.colcon_core.package_identification:_identify(qcar2/virtual/applications) by extensions ['cmake', 'python']
[1.243s] Level 1:colcon.colcon_core.package_identification:_identify(qcar2/virtual/applications) by extension 'cmake'
[1.243s] Level 1:colcon.colcon_core.package_identification:_identify(qcar2/virtual/applications) by extension 'python'
[1.243s] Level 1:colcon.colcon_core.package_identification:_identify(qcar2/virtual/applications) by extensions ['python_setup_py']
[1.243s] Level 1:colcon.colcon_core.package_identification:_identify(qcar2/virtual/applications) by extension 'python_setup_py'
[1.243s] Level 1:colcon.colcon_core.package_identification:_identify(qcar2/virtual/applications/360_vision) by extensions ['ignore', 'ignore_ament_install']
[1.243s] Level 1:colcon.colcon_core.package_identification:_identify(qcar2/virtual/applications/360_vision) by extension 'ignore'
[1.243s] Level 1:colcon.colcon_core.package_identification:_identify(qcar2/virtual/applications/360_vision) by extension 'ignore_ament_install'
[1.243s] Level 1:colcon.colcon_core.package_identification:_identify(qcar2/virtual/applications/360_vision) by extensions ['colcon_pkg']
[1.243s] Level 1:colcon.colcon_core.package_identification:_identify(qcar2/virtual/applications/360_vision) by extension 'colcon_pkg'
[1.243s] Level 1:colcon.colcon_core.package_identification:_identify(qcar2/virtual/applications/360_vision) by extensions ['colcon_meta']
[1.243s] Level 1:colcon.colcon_core.package_identification:_identify(qcar2/virtual/applications/360_vision) by extension 'colcon_meta'
[1.243s] Level 1:colcon.colcon_core.package_identification:_identify(qcar2/virtual/applications/360_vision) by extensions ['ros']
[1.243s] Level 1:colcon.colcon_core.package_identification:_identify(qcar2/virtual/applications/360_vision) by extension 'ros'
[1.243s] Level 1:colcon.colcon_core.package_identification:_identify(qcar2/virtual/applications/360_vision) by extensions ['cmake', 'python']
[1.243s] Level 1:colcon.colcon_core.package_identification:_identify(qcar2/virtual/applications/360_vision) by extension 'cmake'
[1.243s] Level 1:colcon.colcon_core.package_identification:_identify(qcar2/virtual/applications/360_vision) by extension 'python'
[1.243s] Level 1:colcon.colcon_core.package_identification:_identify(qcar2/virtual/applications/360_vision) by extensions ['python_setup_py']
[1.243s] Level 1:colcon.colcon_core.package_identification:_identify(qcar2/virtual/applications/360_vision) by extension 'python_setup_py'
[1.243s] Level 1:colcon.colcon_core.package_identification:_identify(qcar2/virtual/applications/lane_following) by extensions ['ignore', 'ignore_ament_install']
[1.243s] Level 1:colcon.colcon_core.package_identification:_identify(qcar2/virtual/applications/lane_following) by extension 'ignore'
[1.243s] Level 1:colcon.colcon_core.package_identification:_identify(qcar2/virtual/applications/lane_following) by extension 'ignore_ament_install'
[1.243s] Level 1:colcon.colcon_core.package_identification:_identify(qcar2/virtual/applications/lane_following) by extensions ['colcon_pkg']
[1.243s] Level 1:colcon.colcon_core.package_identification:_identify(qcar2/virtual/applications/lane_following) by extension 'colcon_pkg'
[1.243s] Level 1:colcon.colcon_core.package_identification:_identify(qcar2/virtual/applications/lane_following) by extensions ['colcon_meta']
[1.243s] Level 1:colcon.colcon_core.package_identification:_identify(qcar2/virtual/applications/lane_following) by extension 'colcon_meta'
[1.243s] Level 1:colcon.colcon_core.package_identification:_identify(qcar2/virtual/applications/lane_following) by extensions ['ros']
[1.243s] Level 1:colcon.colcon_core.package_identification:_identify(qcar2/virtual/applications/lane_following) by extension 'ros'
[1.243s] Level 1:colcon.colcon_core.package_identification:_identify(qcar2/virtual/applications/lane_following) by extensions ['cmake', 'python']
[1.243s] Level 1:colcon.colcon_core.package_identification:_identify(qcar2/virtual/applications/lane_following) by extension 'cmake'
[1.243s] Level 1:colcon.colcon_core.package_identification:_identify(qcar2/virtual/applications/lane_following) by extension 'python'
[1.243s] Level 1:colcon.colcon_core.package_identification:_identify(qcar2/virtual/applications/lane_following) by extensions ['python_setup_py']
[1.243s] Level 1:colcon.colcon_core.package_identification:_identify(qcar2/virtual/applications/lane_following) by extension 'python_setup_py'
[1.243s] Level 1:colcon.colcon_core.package_identification:_identify(qcar2/virtual/applications/manual_drive) by extensions ['ignore', 'ignore_ament_install']
[1.243s] Level 1:colcon.colcon_core.package_identification:_identify(qcar2/virtual/applications/manual_drive) by extension 'ignore'
[1.243s] Level 1:colcon.colcon_core.package_identification:_identify(qcar2/virtual/applications/manual_drive) by extension 'ignore_ament_install'
[1.243s] Level 1:colcon.colcon_core.package_identification:_identify(qcar2/virtual/applications/manual_drive) by extensions ['colcon_pkg']
[1.243s] Level 1:colcon.colcon_core.package_identification:_identify(qcar2/virtual/applications/manual_drive) by extension 'colcon_pkg'
[1.243s] Level 1:colcon.colcon_core.package_identification:_identify(qcar2/virtual/applications/manual_drive) by extensions ['colcon_meta']
[1.243s] Level 1:colcon.colcon_core.package_identification:_identify(qcar2/virtual/applications/manual_drive) by extension 'colcon_meta'
[1.244s] Level 1:colcon.colcon_core.package_identification:_identify(qcar2/virtual/applications/manual_drive) by extensions ['ros']
[1.244s] Level 1:colcon.colcon_core.package_identification:_identify(qcar2/virtual/applications/manual_drive) by extension 'ros'
[1.244s] Level 1:colcon.colcon_core.package_identification:_identify(qcar2/virtual/applications/manual_drive) by extensions ['cmake', 'python']
[1.244s] Level 1:colcon.colcon_core.package_identification:_identify(qcar2/virtual/applications/manual_drive) by extension 'cmake'
[1.244s] Level 1:colcon.colcon_core.package_identification:_identify(qcar2/virtual/applications/manual_drive) by extension 'python'
[1.244s] Level 1:colcon.colcon_core.package_identification:_identify(qcar2/virtual/applications/manual_drive) by extensions ['python_setup_py']
[1.244s] Level 1:colcon.colcon_core.package_identification:_identify(qcar2/virtual/applications/manual_drive) by extension 'python_setup_py'
[1.244s] Level 1:colcon.colcon_core.package_identification:_identify(qcar2/virtual/applications/point_cloud_generation) by extensions ['ignore', 'ignore_ament_install']
[1.244s] Level 1:colcon.colcon_core.package_identification:_identify(qcar2/virtual/applications/point_cloud_generation) by extension 'ignore'
[1.244s] Level 1:colcon.colcon_core.package_identification:_identify(qcar2/virtual/applications/point_cloud_generation) by extension 'ignore_ament_install'
[1.244s] Level 1:colcon.colcon_core.package_identification:_identify(qcar2/virtual/applications/point_cloud_generation) by extensions ['colcon_pkg']
[1.244s] Level 1:colcon.colcon_core.package_identification:_identify(qcar2/virtual/applications/point_cloud_generation) by extension 'colcon_pkg'
[1.244s] Level 1:colcon.colcon_core.package_identification:_identify(qcar2/virtual/applications/point_cloud_generation) by extensions ['colcon_meta']
[1.244s] Level 1:colcon.colcon_core.package_identification:_identify(qcar2/virtual/applications/point_cloud_generation) by extension 'colcon_meta'
[1.244s] Level 1:colcon.colcon_core.package_identification:_identify(qcar2/virtual/applications/point_cloud_generation) by extensions ['ros']
[1.244s] Level 1:colcon.colcon_core.package_identification:_identify(qcar2/virtual/applications/point_cloud_generation) by extension 'ros'
[1.244s] Level 1:colcon.colcon_core.package_identification:_identify(qcar2/virtual/applications/point_cloud_generation) by extensions ['cmake', 'python']
[1.244s] Level 1:colcon.colcon_core.package_identification:_identify(qcar2/virtual/applications/point_cloud_generation) by extension 'cmake'
[1.244s] Level 1:colcon.colcon_core.package_identification:_identify(qcar2/virtual/applications/point_cloud_generation) by extension 'python'
[1.244s] Level 1:colcon.colcon_core.package_identification:_identify(qcar2/virtual/applications/point_cloud_generation) by extensions ['python_setup_py']
[1.244s] Level 1:colcon.colcon_core.package_identification:_identify(qcar2/virtual/applications/point_cloud_generation) by extension 'python_setup_py'
[1.244s] Level 1:colcon.colcon_core.package_identification:_identify(qcar2/virtual/applications/rgbd_imaging) by extensions ['ignore', 'ignore_ament_install']
[1.244s] Level 1:colcon.colcon_core.package_identification:_identify(qcar2/virtual/applications/rgbd_imaging) by extension 'ignore'
[1.244s] Level 1:colcon.colcon_core.package_identification:_identify(qcar2/virtual/applications/rgbd_imaging) by extension 'ignore_ament_install'
[1.244s] Level 1:colcon.colcon_core.package_identification:_identify(qcar2/virtual/applications/rgbd_imaging) by extensions ['colcon_pkg']
[1.244s] Level 1:colcon.colcon_core.package_identification:_identify(qcar2/virtual/applications/rgbd_imaging) by extension 'colcon_pkg'
[1.244s] Level 1:colcon.colcon_core.package_identification:_identify(qcar2/virtual/applications/rgbd_imaging) by extensions ['colcon_meta']
[1.244s] Level 1:colcon.colcon_core.package_identification:_identify(qcar2/virtual/applications/rgbd_imaging) by extension 'colcon_meta'
[1.244s] Level 1:colcon.colcon_core.package_identification:_identify(qcar2/virtual/applications/rgbd_imaging) by extensions ['ros']
[1.244s] Level 1:colcon.colcon_core.package_identification:_identify(qcar2/virtual/applications/rgbd_imaging) by extension 'ros'
[1.244s] Level 1:colcon.colcon_core.package_identification:_identify(qcar2/virtual/applications/rgbd_imaging) by extensions ['cmake', 'python']
[1.244s] Level 1:colcon.colcon_core.package_identification:_identify(qcar2/virtual/applications/rgbd_imaging) by extension 'cmake'
[1.244s] Level 1:colcon.colcon_core.package_identification:_identify(qcar2/virtual/applications/rgbd_imaging) by extension 'python'
[1.244s] Level 1:colcon.colcon_core.package_identification:_identify(qcar2/virtual/applications/rgbd_imaging) by extensions ['python_setup_py']
[1.244s] Level 1:colcon.colcon_core.package_identification:_identify(qcar2/virtual/applications/rgbd_imaging) by extension 'python_setup_py'
[1.244s] Level 1:colcon.colcon_core.package_identification:_identify(qcar2/virtual/hardware_tests) by extensions ['ignore', 'ignore_ament_install']
[1.244s] Level 1:colcon.colcon_core.package_identification:_identify(qcar2/virtual/hardware_tests) by extension 'ignore'
[1.244s] Level 1:colcon.colcon_core.package_identification:_identify(qcar2/virtual/hardware_tests) by extension 'ignore_ament_install'
[1.244s] Level 1:colcon.colcon_core.package_identification:_identify(qcar2/virtual/hardware_tests) by extensions ['colcon_pkg']
[1.244s] Level 1:colcon.colcon_core.package_identification:_identify(qcar2/virtual/hardware_tests) by extension 'colcon_pkg'
[1.244s] Level 1:colcon.colcon_core.package_identification:_identify(qcar2/virtual/hardware_tests) by extensions ['colcon_meta']
[1.244s] Level 1:colcon.colcon_core.package_identification:_identify(qcar2/virtual/hardware_tests) by extension 'colcon_meta'
[1.244s] Level 1:colcon.colcon_core.package_identification:_identify(qcar2/virtual/hardware_tests) by extensions ['ros']
[1.244s] Level 1:colcon.colcon_core.package_identification:_identify(qcar2/virtual/hardware_tests) by extension 'ros'
[1.244s] Level 1:colcon.colcon_core.package_identification:_identify(qcar2/virtual/hardware_tests) by extensions ['cmake', 'python']
[1.244s] Level 1:colcon.colcon_core.package_identification:_identify(qcar2/virtual/hardware_tests) by extension 'cmake'
[1.244s] Level 1:colcon.colcon_core.package_identification:_identify(qcar2/virtual/hardware_tests) by extension 'python'
[1.244s] Level 1:colcon.colcon_core.package_identification:_identify(qcar2/virtual/hardware_tests) by extensions ['python_setup_py']
[1.244s] Level 1:colcon.colcon_core.package_identification:_identify(qcar2/virtual/hardware_tests) by extension 'python_setup_py'
[1.244s] Level 1:colcon.colcon_core.package_identification:_identify(roadmap) by extensions ['ignore', 'ignore_ament_install']
[1.244s] Level 1:colcon.colcon_core.package_identification:_identify(roadmap) by extension 'ignore'
[1.244s] Level 1:colcon.colcon_core.package_identification:_identify(roadmap) by extension 'ignore_ament_install'
[1.245s] Level 1:colcon.colcon_core.package_identification:_identify(roadmap) by extensions ['colcon_pkg']
[1.245s] Level 1:colcon.colcon_core.package_identification:_identify(roadmap) by extension 'colcon_pkg'
[1.245s] Level 1:colcon.colcon_core.package_identification:_identify(roadmap) by extensions ['colcon_meta']
[1.245s] Level 1:colcon.colcon_core.package_identification:_identify(roadmap) by extension 'colcon_meta'
[1.245s] Level 1:colcon.colcon_core.package_identification:_identify(roadmap) by extensions ['ros']
[1.245s] Level 1:colcon.colcon_core.package_identification:_identify(roadmap) by extension 'ros'
[1.245s] Level 1:colcon.colcon_core.package_identification:_identify(roadmap) by extensions ['cmake', 'python']
[1.245s] Level 1:colcon.colcon_core.package_identification:_identify(roadmap) by extension 'cmake'
[1.245s] Level 1:colcon.colcon_core.package_identification:_identify(roadmap) by extension 'python'
[1.245s] Level 1:colcon.colcon_core.package_identification:_identify(roadmap) by extensions ['python_setup_py']
[1.245s] Level 1:colcon.colcon_core.package_identification:_identify(roadmap) by extension 'python_setup_py'
[1.245s] Level 1:colcon.colcon_core.package_identification:_identify(traffic_light) by extensions ['ignore', 'ignore_ament_install']
[1.245s] Level 1:colcon.colcon_core.package_identification:_identify(traffic_light) by extension 'ignore'
[1.245s] Level 1:colcon.colcon_core.package_identification:_identify(traffic_light) by extension 'ignore_ament_install'
[1.245s] Level 1:colcon.colcon_core.package_identification:_identify(traffic_light) by extensions ['colcon_pkg']
[1.245s] Level 1:colcon.colcon_core.package_identification:_identify(traffic_light) by extension 'colcon_pkg'
[1.245s] Level 1:colcon.colcon_core.package_identification:_identify(traffic_light) by extensions ['colcon_meta']
[1.245s] Level 1:colcon.colcon_core.package_identification:_identify(traffic_light) by extension 'colcon_meta'
[1.245s] Level 1:colcon.colcon_core.package_identification:_identify(traffic_light) by extensions ['ros']
[1.245s] Level 1:colcon.colcon_core.package_identification:_identify(traffic_light) by extension 'ros'
[1.245s] Level 1:colcon.colcon_core.package_identification:_identify(traffic_light) by extensions ['cmake', 'python']
[1.245s] Level 1:colcon.colcon_core.package_identification:_identify(traffic_light) by extension 'cmake'
[1.245s] Level 1:colcon.colcon_core.package_identification:_identify(traffic_light) by extension 'python'
[1.245s] Level 1:colcon.colcon_core.package_identification:_identify(traffic_light) by extensions ['python_setup_py']
[1.245s] Level 1:colcon.colcon_core.package_identification:_identify(traffic_light) by extension 'python_setup_py'
[1.245s] Level 1:colcon.colcon_core.package_identification:_identify(trajactories) by extensions ['ignore', 'ignore_ament_install']
[1.245s] Level 1:colcon.colcon_core.package_identification:_identify(trajactories) by extension 'ignore'
[1.245s] Level 1:colcon.colcon_core.package_identification:_identify(trajactories) by extension 'ignore_ament_install'
[1.245s] Level 1:colcon.colcon_core.package_identification:_identify(trajactories) by extensions ['colcon_pkg']
[1.245s] Level 1:colcon.colcon_core.package_identification:_identify(trajactories) by extension 'colcon_pkg'
[1.245s] Level 1:colcon.colcon_core.package_identification:_identify(trajactories) by extensions ['colcon_meta']
[1.245s] Level 1:colcon.colcon_core.package_identification:_identify(trajactories) by extension 'colcon_meta'
[1.245s] Level 1:colcon.colcon_core.package_identification:_identify(trajactories) by extensions ['ros']
[1.245s] Level 1:colcon.colcon_core.package_identification:_identify(trajactories) by extension 'ros'
[1.245s] Level 1:colcon.colcon_core.package_identification:_identify(trajactories) by extensions ['cmake', 'python']
[1.245s] Level 1:colcon.colcon_core.package_identification:_identify(trajactories) by extension 'cmake'
[1.245s] Level 1:colcon.colcon_core.package_identification:_identify(trajactories) by extension 'python'
[1.245s] Level 1:colcon.colcon_core.package_identification:_identify(trajactories) by extensions ['python_setup_py']
[1.245s] Level 1:colcon.colcon_core.package_identification:_identify(trajactories) by extension 'python_setup_py'
[1.245s] Level 1:colcon.colcon_core.package_discovery:discover_packages(recursive) using defaults
[1.245s] Level 1:colcon.colcon_core.package_discovery:discover_packages(ignore) discover
[1.245s] Level 1:colcon.colcon_core.package_discovery:discover_packages(ignore) using defaults
[1.245s] Level 1:colcon.colcon_core.package_discovery:discover_packages(path) discover
[1.245s] Level 1:colcon.colcon_core.package_discovery:discover_packages(path) using defaults
[1.251s] WARNING:colcon.colcon_core.package_selection:ignoring unknown package 'qcar2_cpp' in --packages-select
[1.281s] Level 1:colcon.colcon_core.package_discovery:discover_packages(prefix_path) check parameters
[1.281s] Level 1:colcon.colcon_core.package_discovery:discover_packages(prefix_path) discover
[1.292s] DEBUG:colcon.colcon_installed_package_information.package_discovery:Found 6 installed packages in /workspaces/isaac_ros-dev/ros2/install
[1.297s] DEBUG:colcon.colcon_installed_package_information.package_discovery:Found 18 installed packages in /workspace/cartographer_ws/install
[1.302s] DEBUG:colcon.colcon_installed_package_information.package_discovery:Found 289 installed packages in /opt/ros/humble
[1.302s] Level 1:colcon.colcon_core.package_discovery:discover_packages(prefix_path) using defaults
[1.344s] INFO:colcon.colcon_core.executor:Executing jobs using 'parallel' executor
[1.349s] DEBUG:colcon.colcon_parallel_executor.executor.parallel:run_until_complete
[1.349s] DEBUG:colcon.colcon_parallel_executor.executor.parallel:closing loop
[1.349s] DEBUG:colcon.colcon_parallel_executor.executor.parallel:loop closed
[1.349s] DEBUG:colcon.colcon_parallel_executor.executor.parallel:run_until_complete finished with '0'
[1.349s] DEBUG:colcon.colcon_core.event_reactor:joining thread
[1.356s] INFO:colcon.colcon_core.plugin_system:Skipping extension 'colcon_notification.desktop_notification.notify_send': Could not find 'notify-send'
[1.356s] INFO:colcon.colcon_core.plugin_system:Skipping extension 'colcon_notification.desktop_notification.terminal_notifier': Not used on non-Darwin systems
[1.356s] INFO:colcon.colcon_core.plugin_system:Skipping extension 'colcon_notification.desktop_notification.win32': Not used on non-Windows systems
[1.356s] INFO:colcon.colcon_notification.desktop_notification:Sending desktop notification using 'notify2'
[1.358s] DEBUG:colcon.colcon_notification.desktop_notification.notify2:Failed to initialize notify2: org.freedesktop.DBus.Error.Spawn.ExecFailed: /usr/bin/dbus-launch terminated abnormally without any error message
[1.358s] DEBUG:colcon.colcon_core.event_reactor:joined thread
[1.365s] INFO:colcon.colcon_core.plugin_system:Skipping extension 'colcon_core.shell.bat': Not used on non-Windows systems
[1.365s] INFO:colcon.colcon_core.shell:Creating prefix script '/workspaces/isaac_ros-dev/python_resources/install/local_setup.ps1'
[1.365s] INFO:colcon.colcon_core.shell:Creating prefix util module '/workspaces/isaac_ros-dev/python_resources/install/_local_setup_util_ps1.py'
[1.366s] INFO:colcon.colcon_core.shell:Creating prefix chain script '/workspaces/isaac_ros-dev/python_resources/install/setup.ps1'
[1.371s] INFO:colcon.colcon_core.shell:Creating prefix script '/workspaces/isaac_ros-dev/python_resources/install/local_setup.sh'
[1.371s] INFO:colcon.colcon_core.shell:Creating prefix util module '/workspaces/isaac_ros-dev/python_resources/install/_local_setup_util_sh.py'
[1.371s] INFO:colcon.colcon_core.shell:Creating prefix chain script '/workspaces/isaac_ros-dev/python_resources/install/setup.sh'
[1.377s] INFO:colcon.colcon_core.shell:Creating prefix script '/workspaces/isaac_ros-dev/python_resources/install/local_setup.bash'
[1.377s] INFO:colcon.colcon_core.shell:Creating prefix chain script '/workspaces/isaac_ros-dev/python_resources/install/setup.bash'
[1.382s] INFO:colcon.colcon_core.shell:Creating prefix script '/workspaces/isaac_ros-dev/python_resources/install/local_setup.zsh'
[1.382s] INFO:colcon.colcon_core.shell:Creating prefix chain script '/workspaces/isaac_ros-dev/python_resources/install/setup.zsh'
