[0.246s] Invoking command in '/workspaces/isaac_ros-dev/ros2/build/qcar2_cpp': AMENT_PREFIX_PATH=/workspaces/isaac_ros-dev/ros2/install/qcar2_interfaces:${AMENT_PREFIX_PATH} CMAKE_PREFIX_PATH=/workspaces/isaac_ros-dev/ros2/install/qcar2_interfaces:/workspace/cartographer_ws/install/perception_pcl:/workspace/cartographer_ws/install/pcl_ros:/workspace/cartographer_ws/install/cartographer_rviz:/workspace/cartographer_ws/install/cartographer_ros:/workspace/cartographer_ws/install/pcl_conversions:/workspace/cartographer_ws/install/pcl_msgs:/workspace/cartographer_ws/install/isaac_ros_tensor_list_interfaces:/workspace/cartographer_ws/install/isaac_ros_pointcloud_interfaces:/workspace/cartographer_ws/install/isaac_ros_nova_interfaces:/workspace/cartographer_ws/install/isaac_ros_nitros_bridge_interfaces:/workspace/cartographer_ws/install/isaac_ros_common:/workspace/cartographer_ws/install/isaac_ros_bi3d_interfaces:/workspace/cartographer_ws/install/isaac_ros_apriltag_interfaces:/workspace/cartographer_ws/install/control_msgs:/workspace/cartographer_ws/install/cartographer_ros_msgs:/workspace/cartographer_ws/install/cartographer:/workspace/cartographer_ws/install/absl:/workspace/cartographer_ws/install/isaac_ros_test:/opt/ros/humble LD_LIBRARY_PATH=/workspaces/isaac_ros-dev/ros2/install/qcar2_interfaces/lib:${LD_LIBRARY_PATH} PYTHONPATH=/workspaces/isaac_ros-dev/ros2/install/qcar2_interfaces/lib/python3.8/site-packages:${PYTHONPATH} /usr/bin/cmake /workspaces/isaac_ros-dev/ros2/src/qcar2_cpp -DAMENT_CMAKE_SYMLINK_INSTALL=1 -DCMAKE_INSTALL_PREFIX=/workspaces/isaac_ros-dev/ros2/install/qcar2_cpp
[0.286s] -- The C compiler identification is GNU 9.4.0
[0.320s] -- The CXX compiler identification is GNU 9.4.0
[0.324s] -- Detecting C compiler ABI info
[0.365s] -- Detecting C compiler ABI info - done
[0.369s] -- Check for working C compiler: /usr/bin/cc - skipped
[0.369s] -- Detecting C compile features
[0.369s] -- Detecting C compile features - done
[0.371s] -- Detecting CXX compiler ABI info
[0.416s] -- Detecting CXX compiler ABI info - done
[0.420s] -- Check for working CXX compiler: /usr/bin/c++ - skipped
[0.420s] -- Detecting CXX compile features
[0.420s] -- Detecting CXX compile features - done
[0.423s] -- Found ament_cmake: 1.3.5 (/opt/ros/humble/share/ament_cmake/cmake)
[0.844s] -- Found Python3: /usr/bin/python3.8 (found version "3.8.10") found components: Interpreter 
[0.885s] -- Override CMake install command with custom implementation using symlinks instead of copying resources
[0.912s] -- Found rclpy: 3.3.10 (/opt/ros/humble/share/rclpy/cmake)
[0.917s] -- Found nav_msgs: 4.2.3 (/opt/ros/humble/share/nav_msgs/cmake)
[0.944s] -- Found rosidl_generator_c: 3.1.5 (/opt/ros/humble/share/rosidl_generator_c/cmake)
[0.948s] -- Found rosidl_adapter: 3.1.5 (/opt/ros/humble/share/rosidl_adapter/cmake)
[0.954s] -- Found rosidl_generator_cpp: 3.1.5 (/opt/ros/humble/share/rosidl_generator_cpp/cmake)
[0.963s] -- Using all available rosidl_typesupport_c: rosidl_typesupport_fastrtps_c;rosidl_typesupport_introspection_c
[0.975s] -- Using all available rosidl_typesupport_cpp: rosidl_typesupport_fastrtps_cpp;rosidl_typesupport_introspection_cpp
[1.089s] -- Found sensor_msgs: 4.2.3 (/opt/ros/humble/share/sensor_msgs/cmake)
[1.133s] -- Found tf2: 0.25.4 (/opt/ros/humble/share/tf2/cmake)
[1.141s] -- Found tf2_ros: 0.25.4 (/opt/ros/humble/share/tf2_ros/cmake)
[1.217s] -- Found rmw_implementation_cmake: 6.1.1 (/opt/ros/humble/share/rmw_implementation_cmake/cmake)
[1.219s] -- Found rmw_fastrtps_cpp: 6.2.4 (/opt/ros/humble/share/rmw_fastrtps_cpp/cmake)
[1.311s] -- Found OpenSSL: /usr/lib/x86_64-linux-gnu/libcrypto.so (found version "1.1.1f")  
[1.334s] -- Found FastRTPS: /opt/ros/humble/include  
[1.375s] -- Using RMW implementation 'rmw_fastrtps_cpp' as default
[1.383s] -- Looking for pthread.h
[1.422s] -- Looking for pthread.h - found
[1.422s] -- Performing Test CMAKE_HAVE_LIBC_PTHREAD
[1.461s] -- Performing Test CMAKE_HAVE_LIBC_PTHREAD - Failed
[1.461s] -- Looking for pthread_create in pthreads
[1.494s] -- Looking for pthread_create in pthreads - not found
[1.494s] -- Looking for pthread_create in pthread
[1.536s] -- Looking for pthread_create in pthread - found
[1.537s] -- Found Threads: TRUE  
[1.750s] -- Found tf2_geometry_msgs: 0.25.4 (/opt/ros/humble/share/tf2_geometry_msgs/cmake)
[1.761s] -- Found eigen3_cmake_module: 0.1.1 (/opt/ros/humble/share/eigen3_cmake_module/cmake)
[1.762s] -- Found Eigen3: TRUE (found version "3.3.7") 
[1.762s] -- Ensuring Eigen3 include directory is part of orocos-kdl CMake target
[1.767s] -- Found qcar2_interfaces: 0.0.0 (/workspaces/isaac_ros-dev/ros2/install/qcar2_interfaces/share/qcar2_interfaces/cmake)
[1.779s] -- Found ament_lint_auto: 0.12.8 (/opt/ros/humble/share/ament_lint_auto/cmake)
[1.825s] -- Added test 'cppcheck' to perform static code analysis on C / C++ code
[1.825s] -- Configured cppcheck include dirs: 
[1.825s] -- Configured cppcheck exclude dirs and/or files: 
[1.825s] -- Added test 'lint_cmake' to check CMake code style
[1.826s] -- Added test 'uncrustify' to check C / C++ code style
[1.826s] -- Configured uncrustify additional arguments: 
[1.826s] -- Added test 'xmllint' to check XML markup files
[1.827s] -- Configuring done
[1.834s] -- Generating done
[1.834s] -- Build files have been written to: /workspaces/isaac_ros-dev/ros2/build/qcar2_cpp
[1.841s] Invoked command in '/workspaces/isaac_ros-dev/ros2/build/qcar2_cpp' returned '0': AMENT_PREFIX_PATH=/workspaces/isaac_ros-dev/ros2/install/qcar2_interfaces:${AMENT_PREFIX_PATH} CMAKE_PREFIX_PATH=/workspaces/isaac_ros-dev/ros2/install/qcar2_interfaces:/workspace/cartographer_ws/install/perception_pcl:/workspace/cartographer_ws/install/pcl_ros:/workspace/cartographer_ws/install/cartographer_rviz:/workspace/cartographer_ws/install/cartographer_ros:/workspace/cartographer_ws/install/pcl_conversions:/workspace/cartographer_ws/install/pcl_msgs:/workspace/cartographer_ws/install/isaac_ros_tensor_list_interfaces:/workspace/cartographer_ws/install/isaac_ros_pointcloud_interfaces:/workspace/cartographer_ws/install/isaac_ros_nova_interfaces:/workspace/cartographer_ws/install/isaac_ros_nitros_bridge_interfaces:/workspace/cartographer_ws/install/isaac_ros_common:/workspace/cartographer_ws/install/isaac_ros_bi3d_interfaces:/workspace/cartographer_ws/install/isaac_ros_apriltag_interfaces:/workspace/cartographer_ws/install/control_msgs:/workspace/cartographer_ws/install/cartographer_ros_msgs:/workspace/cartographer_ws/install/cartographer:/workspace/cartographer_ws/install/absl:/workspace/cartographer_ws/install/isaac_ros_test:/opt/ros/humble LD_LIBRARY_PATH=/workspaces/isaac_ros-dev/ros2/install/qcar2_interfaces/lib:${LD_LIBRARY_PATH} PYTHONPATH=/workspaces/isaac_ros-dev/ros2/install/qcar2_interfaces/lib/python3.8/site-packages:${PYTHONPATH} /usr/bin/cmake /workspaces/isaac_ros-dev/ros2/src/qcar2_cpp -DAMENT_CMAKE_SYMLINK_INSTALL=1 -DCMAKE_INSTALL_PREFIX=/workspaces/isaac_ros-dev/ros2/install/qcar2_cpp
[1.841s] Invoking command in '/workspaces/isaac_ros-dev/ros2/build/qcar2_cpp': AMENT_PREFIX_PATH=/workspaces/isaac_ros-dev/ros2/install/qcar2_interfaces:${AMENT_PREFIX_PATH} CMAKE_PREFIX_PATH=/workspaces/isaac_ros-dev/ros2/install/qcar2_interfaces:/workspace/cartographer_ws/install/perception_pcl:/workspace/cartographer_ws/install/pcl_ros:/workspace/cartographer_ws/install/cartographer_rviz:/workspace/cartographer_ws/install/cartographer_ros:/workspace/cartographer_ws/install/pcl_conversions:/workspace/cartographer_ws/install/pcl_msgs:/workspace/cartographer_ws/install/isaac_ros_tensor_list_interfaces:/workspace/cartographer_ws/install/isaac_ros_pointcloud_interfaces:/workspace/cartographer_ws/install/isaac_ros_nova_interfaces:/workspace/cartographer_ws/install/isaac_ros_nitros_bridge_interfaces:/workspace/cartographer_ws/install/isaac_ros_common:/workspace/cartographer_ws/install/isaac_ros_bi3d_interfaces:/workspace/cartographer_ws/install/isaac_ros_apriltag_interfaces:/workspace/cartographer_ws/install/control_msgs:/workspace/cartographer_ws/install/cartographer_ros_msgs:/workspace/cartographer_ws/install/cartographer:/workspace/cartographer_ws/install/absl:/workspace/cartographer_ws/install/isaac_ros_test:/opt/ros/humble LD_LIBRARY_PATH=/workspaces/isaac_ros-dev/ros2/install/qcar2_interfaces/lib:${LD_LIBRARY_PATH} PYTHONPATH=/workspaces/isaac_ros-dev/ros2/install/qcar2_interfaces/lib/python3.8/site-packages:${PYTHONPATH} /usr/bin/cmake --build /workspaces/isaac_ros-dev/ros2/build/qcar2_cpp -- -j32 -l32
[1.867s] [ 50%] [32mBuilding CXX object CMakeFiles/ekf_node.dir/src/ekf_node.cpp.o[0m
[10.172s] [100%] [32m[1mLinking CXX executable ekf_node[0m
[10.518s] [100%] Built target ekf_node
[10.522s] Invoked command in '/workspaces/isaac_ros-dev/ros2/build/qcar2_cpp' returned '0': AMENT_PREFIX_PATH=/workspaces/isaac_ros-dev/ros2/install/qcar2_interfaces:${AMENT_PREFIX_PATH} CMAKE_PREFIX_PATH=/workspaces/isaac_ros-dev/ros2/install/qcar2_interfaces:/workspace/cartographer_ws/install/perception_pcl:/workspace/cartographer_ws/install/pcl_ros:/workspace/cartographer_ws/install/cartographer_rviz:/workspace/cartographer_ws/install/cartographer_ros:/workspace/cartographer_ws/install/pcl_conversions:/workspace/cartographer_ws/install/pcl_msgs:/workspace/cartographer_ws/install/isaac_ros_tensor_list_interfaces:/workspace/cartographer_ws/install/isaac_ros_pointcloud_interfaces:/workspace/cartographer_ws/install/isaac_ros_nova_interfaces:/workspace/cartographer_ws/install/isaac_ros_nitros_bridge_interfaces:/workspace/cartographer_ws/install/isaac_ros_common:/workspace/cartographer_ws/install/isaac_ros_bi3d_interfaces:/workspace/cartographer_ws/install/isaac_ros_apriltag_interfaces:/workspace/cartographer_ws/install/control_msgs:/workspace/cartographer_ws/install/cartographer_ros_msgs:/workspace/cartographer_ws/install/cartographer:/workspace/cartographer_ws/install/absl:/workspace/cartographer_ws/install/isaac_ros_test:/opt/ros/humble LD_LIBRARY_PATH=/workspaces/isaac_ros-dev/ros2/install/qcar2_interfaces/lib:${LD_LIBRARY_PATH} PYTHONPATH=/workspaces/isaac_ros-dev/ros2/install/qcar2_interfaces/lib/python3.8/site-packages:${PYTHONPATH} /usr/bin/cmake --build /workspaces/isaac_ros-dev/ros2/build/qcar2_cpp -- -j32 -l32
[10.550s] Invoking command in '/workspaces/isaac_ros-dev/ros2/build/qcar2_cpp': AMENT_PREFIX_PATH=/workspaces/isaac_ros-dev/ros2/install/qcar2_interfaces:${AMENT_PREFIX_PATH} CMAKE_PREFIX_PATH=/workspaces/isaac_ros-dev/ros2/install/qcar2_interfaces:/workspace/cartographer_ws/install/perception_pcl:/workspace/cartographer_ws/install/pcl_ros:/workspace/cartographer_ws/install/cartographer_rviz:/workspace/cartographer_ws/install/cartographer_ros:/workspace/cartographer_ws/install/pcl_conversions:/workspace/cartographer_ws/install/pcl_msgs:/workspace/cartographer_ws/install/isaac_ros_tensor_list_interfaces:/workspace/cartographer_ws/install/isaac_ros_pointcloud_interfaces:/workspace/cartographer_ws/install/isaac_ros_nova_interfaces:/workspace/cartographer_ws/install/isaac_ros_nitros_bridge_interfaces:/workspace/cartographer_ws/install/isaac_ros_common:/workspace/cartographer_ws/install/isaac_ros_bi3d_interfaces:/workspace/cartographer_ws/install/isaac_ros_apriltag_interfaces:/workspace/cartographer_ws/install/control_msgs:/workspace/cartographer_ws/install/cartographer_ros_msgs:/workspace/cartographer_ws/install/cartographer:/workspace/cartographer_ws/install/absl:/workspace/cartographer_ws/install/isaac_ros_test:/opt/ros/humble LD_LIBRARY_PATH=/workspaces/isaac_ros-dev/ros2/install/qcar2_interfaces/lib:${LD_LIBRARY_PATH} PYTHONPATH=/workspaces/isaac_ros-dev/ros2/install/qcar2_interfaces/lib/python3.8/site-packages:${PYTHONPATH} /usr/bin/cmake --install /workspaces/isaac_ros-dev/ros2/build/qcar2_cpp
[10.554s] -- Install configuration: ""
[10.554s] -- Execute custom install script
[10.554s] -- Symlinking: /workspaces/isaac_ros-dev/ros2/install/qcar2_cpp/lib/qcar2_cpp/ekf_node
[10.557s] -- Symlinking: /workspaces/isaac_ros-dev/ros2/install/qcar2_cpp/share/ament_index/resource_index/package_run_dependencies/qcar2_cpp
[10.560s] -- Symlinking: /workspaces/isaac_ros-dev/ros2/install/qcar2_cpp/share/ament_index/resource_index/parent_prefix_path/qcar2_cpp
[10.562s] -- Symlinking: /workspaces/isaac_ros-dev/ros2/install/qcar2_cpp/share/qcar2_cpp/environment/ament_prefix_path.sh
[10.564s] -- Symlinking: /workspaces/isaac_ros-dev/ros2/install/qcar2_cpp/share/qcar2_cpp/environment/ament_prefix_path.dsv
[10.567s] -- Symlinking: /workspaces/isaac_ros-dev/ros2/install/qcar2_cpp/share/qcar2_cpp/environment/path.sh
[10.569s] -- Symlinking: /workspaces/isaac_ros-dev/ros2/install/qcar2_cpp/share/qcar2_cpp/environment/path.dsv
[10.571s] -- Symlinking: /workspaces/isaac_ros-dev/ros2/install/qcar2_cpp/share/qcar2_cpp/local_setup.bash
[10.574s] -- Symlinking: /workspaces/isaac_ros-dev/ros2/install/qcar2_cpp/share/qcar2_cpp/local_setup.sh
[10.576s] -- Symlinking: /workspaces/isaac_ros-dev/ros2/install/qcar2_cpp/share/qcar2_cpp/local_setup.zsh
[10.578s] -- Symlinking: /workspaces/isaac_ros-dev/ros2/install/qcar2_cpp/share/qcar2_cpp/local_setup.dsv
[10.580s] -- Symlinking: /workspaces/isaac_ros-dev/ros2/install/qcar2_cpp/share/qcar2_cpp/package.dsv
[10.582s] -- Symlinking: /workspaces/isaac_ros-dev/ros2/install/qcar2_cpp/share/ament_index/resource_index/packages/qcar2_cpp
[10.584s] -- Symlinking: /workspaces/isaac_ros-dev/ros2/install/qcar2_cpp/share/qcar2_cpp/cmake/qcar2_cppConfig.cmake
[10.586s] -- Symlinking: /workspaces/isaac_ros-dev/ros2/install/qcar2_cpp/share/qcar2_cpp/cmake/qcar2_cppConfig-version.cmake
[10.588s] -- Symlinking: /workspaces/isaac_ros-dev/ros2/install/qcar2_cpp/share/qcar2_cpp/package.xml
[10.591s] Invoked command in '/workspaces/isaac_ros-dev/ros2/build/qcar2_cpp' returned '0': AMENT_PREFIX_PATH=/workspaces/isaac_ros-dev/ros2/install/qcar2_interfaces:${AMENT_PREFIX_PATH} CMAKE_PREFIX_PATH=/workspaces/isaac_ros-dev/ros2/install/qcar2_interfaces:/workspace/cartographer_ws/install/perception_pcl:/workspace/cartographer_ws/install/pcl_ros:/workspace/cartographer_ws/install/cartographer_rviz:/workspace/cartographer_ws/install/cartographer_ros:/workspace/cartographer_ws/install/pcl_conversions:/workspace/cartographer_ws/install/pcl_msgs:/workspace/cartographer_ws/install/isaac_ros_tensor_list_interfaces:/workspace/cartographer_ws/install/isaac_ros_pointcloud_interfaces:/workspace/cartographer_ws/install/isaac_ros_nova_interfaces:/workspace/cartographer_ws/install/isaac_ros_nitros_bridge_interfaces:/workspace/cartographer_ws/install/isaac_ros_common:/workspace/cartographer_ws/install/isaac_ros_bi3d_interfaces:/workspace/cartographer_ws/install/isaac_ros_apriltag_interfaces:/workspace/cartographer_ws/install/control_msgs:/workspace/cartographer_ws/install/cartographer_ros_msgs:/workspace/cartographer_ws/install/cartographer:/workspace/cartographer_ws/install/absl:/workspace/cartographer_ws/install/isaac_ros_test:/opt/ros/humble LD_LIBRARY_PATH=/workspaces/isaac_ros-dev/ros2/install/qcar2_interfaces/lib:${LD_LIBRARY_PATH} PYTHONPATH=/workspaces/isaac_ros-dev/ros2/install/qcar2_interfaces/lib/python3.8/site-packages:${PYTHONPATH} /usr/bin/cmake --install /workspaces/isaac_ros-dev/ros2/build/qcar2_cpp
