[0.606s] Invoking command in '/workspaces/isaac_ros-dev/ros2/build/qcar2_autonomy': AMENT_PREFIX_PATH=/workspaces/isaac_ros-dev/ros2/install/qcar2_interfaces:${AMENT_PREFIX_PATH} CMAKE_PREFIX_PATH=/workspaces/isaac_ros-dev/ros2/install/qcar2_interfaces:${CMAKE_PREFIX_PATH} LD_LIBRARY_PATH=/workspaces/isaac_ros-dev/ros2/install/qcar2_interfaces/lib:${LD_LIBRARY_PATH} PYTHONPATH=/workspaces/isaac_ros-dev/ros2/build/qcar2_autonomy/prefix_override:/workspaces/isaac_ros-dev/ros2/install/qcar2_autonomy/lib/python3.8/site-packages:/workspaces/isaac_ros-dev/ros2/install/qcar2_interfaces/lib/python3.8/site-packages:${PYTHONPATH} /usr/bin/python3 setup.py develop --editable --build-directory /workspaces/isaac_ros-dev/ros2/build/qcar2_autonomy/build --no-deps install_data
[0.826s] running develop
[0.928s] running egg_info
[0.929s] creating qcar2_autonomy.egg-info
[0.934s] writing qcar2_autonomy.egg-info/PKG-INFO
[0.934s] writing dependency_links to qcar2_autonomy.egg-info/dependency_links.txt
[0.934s] writing entry points to qcar2_autonomy.egg-info/entry_points.txt
[0.934s] writing requirements to qcar2_autonomy.egg-info/requires.txt
[0.934s] writing top-level names to qcar2_autonomy.egg-info/top_level.txt
[0.934s] writing manifest file 'qcar2_autonomy.egg-info/SOURCES.txt'
[0.945s] reading manifest file 'qcar2_autonomy.egg-info/SOURCES.txt'
[0.945s] writing manifest file 'qcar2_autonomy.egg-info/SOURCES.txt'
[0.967s] running build_ext
[0.967s] Creating /workspaces/isaac_ros-dev/ros2/install/qcar2_autonomy/lib/python3.8/site-packages/qcar2-autonomy.egg-link (link to .)
[0.967s] Installing ekf_node script to /workspaces/isaac_ros-dev/ros2/install/qcar2_autonomy/lib/qcar2_autonomy
[0.967s] Installing imu_odom script to /workspaces/isaac_ros-dev/ros2/install/qcar2_autonomy/lib/qcar2_autonomy
[0.967s] Installing kmpc_node script to /workspaces/isaac_ros-dev/ros2/install/qcar2_autonomy/lib/qcar2_autonomy
[0.967s] Installing lane_detector script to /workspaces/isaac_ros-dev/ros2/install/qcar2_autonomy/lib/qcar2_autonomy
[0.967s] Installing lqr script to /workspaces/isaac_ros-dev/ros2/install/qcar2_autonomy/lib/qcar2_autonomy
[0.967s] Installing mpc_node script to /workspaces/isaac_ros-dev/ros2/install/qcar2_autonomy/lib/qcar2_autonomy
[0.967s] Installing odom_pub script to /workspaces/isaac_ros-dev/ros2/install/qcar2_autonomy/lib/qcar2_autonomy
[0.968s] Installing path_follower script to /workspaces/isaac_ros-dev/ros2/install/qcar2_autonomy/lib/qcar2_autonomy
[0.968s] Installing path_pub script to /workspaces/isaac_ros-dev/ros2/install/qcar2_autonomy/lib/qcar2_autonomy
[0.968s] Installing pure_pursuit script to /workspaces/isaac_ros-dev/ros2/install/qcar2_autonomy/lib/qcar2_autonomy
[0.968s] Installing stanley_node script to /workspaces/isaac_ros-dev/ros2/install/qcar2_autonomy/lib/qcar2_autonomy
[0.968s] Installing traffic_system_detector script to /workspaces/isaac_ros-dev/ros2/install/qcar2_autonomy/lib/qcar2_autonomy
[0.968s] Installing trip_planner script to /workspaces/isaac_ros-dev/ros2/install/qcar2_autonomy/lib/qcar2_autonomy
[0.968s] Installing yolo_detector script to /workspaces/isaac_ros-dev/ros2/install/qcar2_autonomy/lib/qcar2_autonomy
[0.968s] 
[0.968s] Installed /workspaces/isaac_ros-dev/ros2/build/qcar2_autonomy
[0.968s] running install_data
[0.968s] creating /workspaces/isaac_ros-dev/ros2/install/qcar2_autonomy/share/ament_index
[0.968s] creating /workspaces/isaac_ros-dev/ros2/install/qcar2_autonomy/share/ament_index/resource_index
[0.968s] creating /workspaces/isaac_ros-dev/ros2/install/qcar2_autonomy/share/ament_index/resource_index/packages
[0.968s] copying resource/qcar2_autonomy -> /workspaces/isaac_ros-dev/ros2/install/qcar2_autonomy/share/ament_index/resource_index/packages
[0.968s] copying package.xml -> /workspaces/isaac_ros-dev/ros2/install/qcar2_autonomy/share/qcar2_autonomy
[0.968s] creating /workspaces/isaac_ros-dev/ros2/install/qcar2_autonomy/share/qcar2_autonomy/launch
[0.968s] copying launch/my_autonomy_launch.py -> /workspaces/isaac_ros-dev/ros2/install/qcar2_autonomy/share/qcar2_autonomy/launch
[0.968s] copying launch/autonomy_planner_launch.py -> /workspaces/isaac_ros-dev/ros2/install/qcar2_autonomy/share/qcar2_autonomy/launch
[0.989s] Invoked command in '/workspaces/isaac_ros-dev/ros2/build/qcar2_autonomy' returned '0': AMENT_PREFIX_PATH=/workspaces/isaac_ros-dev/ros2/install/qcar2_interfaces:${AMENT_PREFIX_PATH} CMAKE_PREFIX_PATH=/workspaces/isaac_ros-dev/ros2/install/qcar2_interfaces:${CMAKE_PREFIX_PATH} LD_LIBRARY_PATH=/workspaces/isaac_ros-dev/ros2/install/qcar2_interfaces/lib:${LD_LIBRARY_PATH} PYTHONPATH=/workspaces/isaac_ros-dev/ros2/build/qcar2_autonomy/prefix_override:/workspaces/isaac_ros-dev/ros2/install/qcar2_autonomy/lib/python3.8/site-packages:/workspaces/isaac_ros-dev/ros2/install/qcar2_interfaces/lib/python3.8/site-packages:${PYTHONPATH} /usr/bin/python3 setup.py develop --editable --build-directory /workspaces/isaac_ros-dev/ros2/build/qcar2_autonomy/build --no-deps install_data
